#
# There is insufficient memory for the Java Runtime Environment to continue.
# Native memory allocation (mmap) failed to map 5816320 bytes for G1 virtual space
# Possible reasons:
#   The system is out of physical RAM or swap space
#   The process is running with CompressedOops enabled, and the Java Heap may be blocking the growth of the native heap
# Possible solutions:
#   Reduce memory load on the system
#   Increase physical memory or swap space
#   Check if swap backing store is full
#   Decrease Java heap size (-Xmx/-Xms)
#   Decrease number of Java threads
#   Decrease Java thread stack sizes (-Xss)
#   Set larger code cache with -XX:ReservedCodeCacheSize=
#   JVM is running with Unscaled Compressed Oops mode in which the Java heap is
#     placed in the first 4GB address space. The Java Heap base address is the
#     maximum limit for the native heap growth. Please use -XX:HeapBaseMinAddress
#     to set the Java Heap base and to place the Java Heap above 4GB virtual address.
# This output file may be truncated or incomplete.
#
#  Out of Memory Error (os_windows.cpp:3769), pid=19528, tid=20124
#
# JRE version: OpenJDK Runtime Environment (17.0.6) (build 17.0.6+0-b2043.56-10027231)
# Java VM: OpenJDK 64-Bit Server VM (17.0.6+0-b2043.56-10027231, mixed mode, tiered, compressed oops, compressed class ptrs, g1 gc, windows-amd64)
# No core dump will be written. Minidumps are not enabled by default on client versions of Windows
#

---------------  S U M M A R Y ------------

Command Line: --add-opens=java.base/java.util=ALL-UNNAMED --add-opens=java.base/java.lang=ALL-UNNAMED --add-opens=java.base/java.lang.invoke=ALL-UNNAMED --add-opens=java.prefs/java.util.prefs=ALL-UNNAMED --add-opens=java.base/java.nio.charset=ALL-UNNAMED --add-opens=java.base/java.net=ALL-UNNAMED --add-opens=java.base/java.util.concurrent.atomic=ALL-UNNAMED -Xmx2048m -Dfile.encoding=UTF-8 -Duser.country=FR -Duser.language=fr -Duser.variant org.gradle.launcher.daemon.bootstrap.GradleDaemon 8.0

Host: Intel(R) Core(TM) i7-8565U CPU @ 1.80GHz, 8 cores, 15G,  Windows 11 , 64 bit Build 22621 (10.0.22621.2428)
Time: Sun Oct 15 22:24:51 2023 Maroc (heure d64 bit Build 22621 (10.0.22621.2428) elapsed time: 58.669213 seconds (0d 0h 0m 58s)

---------------  T H R E A D  ---------------

Current thread (0x000002277fc35650):  VMThread "VM Thread" [stack: 0x0000002eec500000,0x0000002eec600000] [id=20124]

Stack: [0x0000002eec500000,0x0000002eec600000]
Native frames: (J=compiled Java code, j=interpreted, Vv=VM code, C=native code)
V  [jvm.dll+0x683c9a]
V  [jvm.dll+0x8427a4]
V  [jvm.dll+0x843f9e]
V  [jvm.dll+0x844603]
V  [jvm.dll+0x249b75]
V  [jvm.dll+0x680b69]
V  [jvm.dll+0x67505a]
V  [jvm.dll+0x309acb]
V  [jvm.dll+0x310f86]
V  [jvm.dll+0x360903]
V  [jvm.dll+0x360b1f]
V  [jvm.dll+0x2dfbf8]
V  [jvm.dll+0x2ddec4]
V  [jvm.dll+0x2dd4cc]
V  [jvm.dll+0x321f3b]
V  [jvm.dll+0x848ccb]
V  [jvm.dll+0x849a04]
V  [jvm.dll+0x849f1d]
V  [jvm.dll+0x84a2f4]
V  [jvm.dll+0x84a3c0]
V  [jvm.dll+0x7f274a]
V  [jvm.dll+0x682ad5]
C  [ucrtbase.dll+0x29363]
C  [KERNEL32.DLL+0x1257d]
C  [ntdll.dll+0x5aa78]

VM_Operation (0x0000002eedef4600): G1CollectForAllocation, mode: safepoint, requested by thread 0x0000022702ff05f0


---------------  P R O C E S S  ---------------

Threads class SMR info:
_java_thread_list=0x0000022702eb2f30, length=127, elements={
0x000002276553b0e0, 0x000002277fc37160, 0x000002277fc37af0, 0x000002277fc804d0,
0x000002277fc80c90, 0x000002277fc83360, 0x000002277fc87d30, 0x000002277fc886d0,
0x000002277fc94290, 0x000002277fc9e890, 0x000002277fdfdbf0, 0x000002277fdfe0c0,
0x000002270105b0a0, 0x0000022701345200, 0x000002277fef1560, 0x00000227024b5a40,
0x0000022702ff05f0, 0x000002270279c360, 0x000002270279b4f0, 0x000002270279c830,
0x000002270279cd00, 0x0000022703fbcac0, 0x0000022703fbf140, 0x0000022703fbd460,
0x0000022703fbe2d0, 0x0000022703fbbc50, 0x0000022703fba910, 0x0000022703fbde00,
0x0000022703fb9100, 0x0000022703fba440, 0x0000022706ee96a0, 0x0000022705ab93d0,
0x0000022705ab76f0, 0x0000022705ab3d30, 0x0000022705aba240, 0x000002270432c790,
0x00000227077bc3b0, 0x00000227077b76b0, 0x00000227077bb540, 0x00000227077b89f0,
0x00000227077b7b80, 0x00000227077b8050, 0x00000227077bc880, 0x00000227077ba200,
0x00000227077be090, 0x00000227077bb070, 0x00000227077b8520, 0x00000227077bcd50,
0x00000227077b9390, 0x00000227077b9860, 0x00000227077bd220, 0x00000227077b71e0,
0x00000227077ba6d0, 0x00000227077baba0, 0x00000227077b9d30, 0x00000227077be560,
0x00000227077b6d10, 0x00000227077bdbc0, 0x00000227077bba10, 0x00000227077bbee0,
0x000002270432aab0, 0x000002270432d130, 0x0000022704329c40, 0x000002270432f7b0,
0x000002270432ee10, 0x000002270432af80, 0x0000022704328430, 0x000002270432fc80,
0x0000022704328900, 0x000002270432a5e0, 0x0000022704328dd0, 0x00000227043292a0,
0x0000022704329770, 0x000002270432a110, 0x000002270432b920, 0x000002270432b450,
0x000002270432bdf0, 0x000002270432c2c0, 0x000002270432e940, 0x000002270432cc60,
0x000002270432d600, 0x000002270432e470, 0x000002270432dad0, 0x000002270432f2e0,
0x0000022706eea510, 0x0000022706ee44d0, 0x0000022706ee8360, 0x0000022706ee5ce0,
0x0000022706ee49a0, 0x0000022706ee61b0, 0x0000022706ee3b30, 0x0000022706ee6680,
0x0000022706ee9b70, 0x0000022706eea040, 0x0000022706ee2cc0, 0x0000022706ee6b50,
0x0000022706ee4e70, 0x0000022706ee5340, 0x0000022706ee91d0, 0x0000022706ee5810,
0x0000022706ee3190, 0x0000022706ee3660, 0x0000022706ee7020, 0x0000022706ee74f0,
0x0000022706ee79c0, 0x0000022706ee7e90, 0x0000022706ee8830, 0x0000022706ee8d00,
0x0000022703647a20, 0x000002270364c720, 0x0000022703647550, 0x000002270364d0c0,
0x000002270364af10, 0x000002270364b8b0, 0x000002270364d590, 0x000002270364da60,
0x000002270364cbf0, 0x000002270364bd80, 0x000002270364df30, 0x000002270364e400,
0x0000022703649bd0, 0x0000022703646bb0, 0x000002270364a0a0, 0x0000022703647080,
0x0000022703647ef0, 0x00000227036483c0, 0x0000022703649230
}

Java Threads: ( => current thread )
  0x000002276553b0e0 JavaThread "main" [_thread_blocked, id=22384, stack(0x0000002eebf00000,0x0000002eec000000)]
  0x000002277fc37160 JavaThread "Reference Handler" daemon [_thread_blocked, id=11540, stack(0x0000002eec600000,0x0000002eec700000)]
  0x000002277fc37af0 JavaThread "Finalizer" daemon [_thread_blocked, id=21484, stack(0x0000002eec700000,0x0000002eec800000)]
  0x000002277fc804d0 JavaThread "Signal Dispatcher" daemon [_thread_blocked, id=10680, stack(0x0000002eec800000,0x0000002eec900000)]
  0x000002277fc80c90 JavaThread "Attach Listener" daemon [_thread_blocked, id=21948, stack(0x0000002eec900000,0x0000002eeca00000)]
  0x000002277fc83360 JavaThread "Service Thread" daemon [_thread_blocked, id=7072, stack(0x0000002eeca00000,0x0000002eecb00000)]
  0x000002277fc87d30 JavaThread "Monitor Deflation Thread" daemon [_thread_blocked, id=13936, stack(0x0000002eecb00000,0x0000002eecc00000)]
  0x000002277fc886d0 JavaThread "C2 CompilerThread0" daemon [_thread_blocked, id=1464, stack(0x0000002eecc00000,0x0000002eecd00000)]
  0x000002277fc94290 JavaThread "C1 CompilerThread0" daemon [_thread_blocked, id=15120, stack(0x0000002eecd00000,0x0000002eece00000)]
  0x000002277fc9e890 JavaThread "Sweeper thread" daemon [_thread_blocked, id=5800, stack(0x0000002eece00000,0x0000002eecf00000)]
  0x000002277fdfdbf0 JavaThread "Common-Cleaner" daemon [_thread_blocked, id=4944, stack(0x0000002eecf00000,0x0000002eed000000)]
  0x000002277fdfe0c0 JavaThread "Notification Thread" daemon [_thread_blocked, id=3868, stack(0x0000002eed000000,0x0000002eed100000)]
  0x000002270105b0a0 JavaThread "Daemon health stats" [_thread_blocked, id=18208, stack(0x0000002eed900000,0x0000002eeda00000)]
  0x0000022701345200 JavaThread "Incoming local TCP Connector on port 64111" [_thread_in_native, id=18984, stack(0x0000002eed200000,0x0000002eed300000)]
  0x000002277fef1560 JavaThread "Daemon periodic checks" [_thread_blocked, id=6436, stack(0x0000002eed800000,0x0000002eed900000)]
  0x00000227024b5a40 JavaThread "Daemon" [_thread_blocked, id=14600, stack(0x0000002eedb00000,0x0000002eedc00000)]
  0x0000022702ff05f0 JavaThread "Daemon worker" [_thread_blocked, id=22148, stack(0x0000002eede00000,0x0000002eedf00000)]
  0x000002270279c360 JavaThread "Cache worker for journal cache (C:\Users\hachem safae\.gradle\caches\journal-1)" [_thread_blocked, id=6524, stack(0x0000002eee400000,0x0000002eee500000)]
  0x000002270279b4f0 JavaThread "File lock request listener" [_thread_in_native, id=13324, stack(0x0000002eee500000,0x0000002eee600000)]
  0x000002270279c830 JavaThread "Cache worker for file hash cache (C:\Users\hachem safae\.gradle\caches\8.0\fileHashes)" [_thread_blocked, id=22308, stack(0x0000002eee700000,0x0000002eee800000)]
  0x000002270279cd00 JavaThread "File watcher server" daemon [_thread_blocked, id=22236, stack(0x0000002eee900000,0x0000002eeea00000)]
  0x0000022703fbcac0 JavaThread "File watcher consumer" daemon [_thread_blocked, id=21368, stack(0x0000002eeea00000,0x0000002eeeb00000)]
  0x0000022703fbf140 JavaThread "Cache worker for file content cache (C:\Users\hachem safae\.gradle\caches\8.0\fileContent)" [_thread_blocked, id=20708, stack(0x0000002eeed00000,0x0000002eeee00000)]
  0x0000022703fbd460 JavaThread "Cache worker for execution history cache (C:\Users\hachem safae\.gradle\caches\8.0\executionHistory)" [_thread_blocked, id=19332, stack(0x0000002eee600000,0x0000002eee700000)]
  0x0000022703fbe2d0 JavaThread "jar transforms" [_thread_blocked, id=16416, stack(0x0000002eef000000,0x0000002eef100000)]
  0x0000022703fbbc50 JavaThread "jar transforms Thread 2" [_thread_blocked, id=2692, stack(0x0000002eef100000,0x0000002eef200000)]
  0x0000022703fba910 JavaThread "Cache worker for kotlin-dsl (C:\Users\hachem safae\.gradle\caches\8.0\kotlin-dsl)" [_thread_blocked, id=8044, stack(0x0000002eef300000,0x0000002eef400000)]
  0x0000022703fbde00 JavaThread "jar transforms Thread 3" [_thread_blocked, id=21084, stack(0x0000002eef400000,0x0000002eef500000)]
  0x0000022703fb9100 JavaThread "jar transforms Thread 4" [_thread_blocked, id=8328, stack(0x0000002eef500000,0x0000002eef600000)]
  0x0000022703fba440 JavaThread "jar transforms Thread 5" [_thread_blocked, id=18540, stack(0x0000002eef800000,0x0000002eef900000)]
  0x0000022706ee96a0 JavaThread "jar transforms Thread 6" [_thread_blocked, id=19464, stack(0x0000002ef4900000,0x0000002ef4a00000)]
  0x0000022705ab93d0 JavaThread "jar transforms Thread 7" [_thread_blocked, id=5324, stack(0x0000002ef4a00000,0x0000002ef4b00000)]
  0x0000022705ab76f0 JavaThread "jar transforms Thread 8" [_thread_blocked, id=22036, stack(0x0000002ef4b00000,0x0000002ef4c00000)]
  0x0000022705ab3d30 JavaThread "Memory manager" [_thread_blocked, id=20096, stack(0x0000002ef4e00000,0x0000002ef4f00000)]
  0x0000022705aba240 JavaThread "included builds" [_thread_blocked, id=13812, stack(0x0000002ef5100000,0x0000002ef5200000)]
  0x000002270432c790 JavaThread "included builds" [_thread_blocked, id=22128, stack(0x0000002ef5400000,0x0000002ef5500000)]
  0x00000227077bc3b0 JavaThread "Handler for socket connection from /127.0.0.1:64111 to /127.0.0.1:64127" [_thread_in_native, id=10124, stack(0x0000002eedf00000,0x0000002eee000000)]
  0x00000227077b76b0 JavaThread "Cancel handler" [_thread_blocked, id=14348, stack(0x0000002eee000000,0x0000002eee100000)]
  0x00000227077bb540 JavaThread "Asynchronous log dispatcher for DefaultDaemonConnection: socket connection from /127.0.0.1:64111 to /127.0.0.1:64127" [_thread_blocked, id=7148, stack(0x0000002eee100000,0x0000002eee200000)]
  0x00000227077b89f0 JavaThread "Stdin handler" [_thread_blocked, id=19052, stack(0x0000002eee800000,0x0000002eee900000)]
  0x00000227077b7b80 JavaThread "Daemon client event forwarder" [_thread_blocked, id=7912, stack(0x0000002eeeb00000,0x0000002eeec00000)]
  0x00000227077b8050 JavaThread "Cache worker for checksums cache (D:\App_Android studio\Pizza\.gradle\8.0\checksums)" [_thread_blocked, id=8104, stack(0x0000002eeef00000,0x0000002eef000000)]
  0x00000227077bc880 JavaThread "Cache worker for cache directory md-rule (C:\Users\hachem safae\.gradle\caches\8.0\md-rule)" [_thread_blocked, id=20764, stack(0x0000002eef200000,0x0000002eef300000)]
  0x00000227077ba200 JavaThread "Cache worker for file hash cache (D:\App_Android studio\Pizza\.gradle\8.0\fileHashes)" [_thread_blocked, id=15092, stack(0x0000002eef600000,0x0000002eef700000)]
  0x00000227077be090 JavaThread "Cache worker for cache directory md-supplier (C:\Users\hachem safae\.gradle\caches\8.0\md-supplier)" [_thread_blocked, id=21684, stack(0x0000002eef700000,0x0000002eef800000)]
  0x00000227077bb070 JavaThread "Cache worker for dependencies-accessors (D:\App_Android studio\Pizza\.gradle\8.0\dependencies-accessors)" [_thread_blocked, id=7860, stack(0x0000002eef900000,0x0000002eefa00000)]
  0x00000227077b8520 JavaThread "Cache worker for Build Output Cleanup Cache (D:\App_Android studio\Pizza\.gradle\buildOutputCleanup)" [_thread_blocked, id=19832, stack(0x0000002eefa00000,0x0000002eefb00000)]
  0x00000227077bcd50 JavaThread "Unconstrained build operations" [_thread_blocked, id=14240, stack(0x0000002eefb00000,0x0000002eefc00000)]
  0x00000227077b9390 JavaThread "Unconstrained build operations Thread 2" [_thread_blocked, id=12736, stack(0x0000002eefc00000,0x0000002eefd00000)]
  0x00000227077b9860 JavaThread "Unconstrained build operations Thread 3" [_thread_blocked, id=2920, stack(0x0000002eefd00000,0x0000002eefe00000)]
  0x00000227077bd220 JavaThread "Unconstrained build operations Thread 4" [_thread_blocked, id=3392, stack(0x0000002eefe00000,0x0000002eeff00000)]
  0x00000227077b71e0 JavaThread "Unconstrained build operations Thread 5" [_thread_blocked, id=19880, stack(0x0000002eeff00000,0x0000002ef0000000)]
  0x00000227077ba6d0 JavaThread "Unconstrained build operations Thread 6" [_thread_blocked, id=21120, stack(0x0000002ef0000000,0x0000002ef0100000)]
  0x00000227077baba0 JavaThread "Unconstrained build operations Thread 7" [_thread_blocked, id=20752, stack(0x0000002ef0100000,0x0000002ef0200000)]
  0x00000227077b9d30 JavaThread "Unconstrained build operations Thread 8" [_thread_blocked, id=20488, stack(0x0000002ef0200000,0x0000002ef0300000)]
  0x00000227077be560 JavaThread "Unconstrained build operations Thread 9" [_thread_blocked, id=21992, stack(0x0000002ef0300000,0x0000002ef0400000)]
  0x00000227077b6d10 JavaThread "Unconstrained build operations Thread 10" [_thread_blocked, id=11024, stack(0x0000002ef0400000,0x0000002ef0500000)]
  0x00000227077bdbc0 JavaThread "Unconstrained build operations Thread 11" [_thread_blocked, id=2200, stack(0x0000002ef0500000,0x0000002ef0600000)]
  0x00000227077bba10 JavaThread "Unconstrained build operations Thread 12" [_thread_blocked, id=18140, stack(0x0000002ef0600000,0x0000002ef0700000)]
  0x00000227077bbee0 JavaThread "Unconstrained build operations Thread 13" [_thread_blocked, id=13504, stack(0x0000002ef0700000,0x0000002ef0800000)]
  0x000002270432aab0 JavaThread "Unconstrained build operations Thread 14" [_thread_blocked, id=20504, stack(0x0000002ef0800000,0x0000002ef0900000)]
  0x000002270432d130 JavaThread "Unconstrained build operations Thread 15" [_thread_blocked, id=10476, stack(0x0000002ef0900000,0x0000002ef0a00000)]
  0x0000022704329c40 JavaThread "Unconstrained build operations Thread 16" [_thread_blocked, id=11568, stack(0x0000002ef0a00000,0x0000002ef0b00000)]
  0x000002270432f7b0 JavaThread "Unconstrained build operations Thread 17" [_thread_blocked, id=7772, stack(0x0000002ef0b00000,0x0000002ef0c00000)]
  0x000002270432ee10 JavaThread "Unconstrained build operations Thread 18" [_thread_blocked, id=8308, stack(0x0000002ef0c00000,0x0000002ef0d00000)]
  0x000002270432af80 JavaThread "Unconstrained build operations Thread 19" [_thread_blocked, id=14272, stack(0x0000002ef0d00000,0x0000002ef0e00000)]
  0x0000022704328430 JavaThread "Unconstrained build operations Thread 20" [_thread_blocked, id=21392, stack(0x0000002ef0e00000,0x0000002ef0f00000)]
  0x000002270432fc80 JavaThread "Unconstrained build operations Thread 21" [_thread_blocked, id=3436, stack(0x0000002ef0f00000,0x0000002ef1000000)]
  0x0000022704328900 JavaThread "Unconstrained build operations Thread 22" [_thread_blocked, id=17504, stack(0x0000002ef1000000,0x0000002ef1100000)]
  0x000002270432a5e0 JavaThread "Unconstrained build operations Thread 23" [_thread_blocked, id=7760, stack(0x0000002ef1100000,0x0000002ef1200000)]
  0x0000022704328dd0 JavaThread "Unconstrained build operations Thread 24" [_thread_blocked, id=2952, stack(0x0000002ef1200000,0x0000002ef1300000)]
  0x00000227043292a0 JavaThread "Unconstrained build operations Thread 25" [_thread_blocked, id=5628, stack(0x0000002ef1300000,0x0000002ef1400000)]
  0x0000022704329770 JavaThread "Unconstrained build operations Thread 26" [_thread_blocked, id=3572, stack(0x0000002ef1400000,0x0000002ef1500000)]
  0x000002270432a110 JavaThread "Unconstrained build operations Thread 27" [_thread_blocked, id=3888, stack(0x0000002ef1500000,0x0000002ef1600000)]
  0x000002270432b920 JavaThread "Unconstrained build operations Thread 28" [_thread_blocked, id=12760, stack(0x0000002ef1600000,0x0000002ef1700000)]
  0x000002270432b450 JavaThread "Unconstrained build operations Thread 29" [_thread_blocked, id=11448, stack(0x0000002ef1700000,0x0000002ef1800000)]
  0x000002270432bdf0 JavaThread "Unconstrained build operations Thread 30" [_thread_blocked, id=18244, stack(0x0000002ef1800000,0x0000002ef1900000)]
  0x000002270432c2c0 JavaThread "Unconstrained build operations Thread 31" [_thread_blocked, id=20120, stack(0x0000002ef1900000,0x0000002ef1a00000)]
  0x000002270432e940 JavaThread "Unconstrained build operations Thread 32" [_thread_blocked, id=19564, stack(0x0000002ef1a00000,0x0000002ef1b00000)]
  0x000002270432cc60 JavaThread "Unconstrained build operations Thread 33" [_thread_blocked, id=9964, stack(0x0000002ef1b00000,0x0000002ef1c00000)]
  0x000002270432d600 JavaThread "Unconstrained build operations Thread 34" [_thread_blocked, id=4104, stack(0x0000002ef1c00000,0x0000002ef1d00000)]
  0x000002270432e470 JavaThread "Unconstrained build operations Thread 35" [_thread_blocked, id=21408, stack(0x0000002ef1d00000,0x0000002ef1e00000)]
  0x000002270432dad0 JavaThread "Unconstrained build operations Thread 36" [_thread_blocked, id=12832, stack(0x0000002ef1e00000,0x0000002ef1f00000)]
  0x000002270432f2e0 JavaThread "Unconstrained build operations Thread 37" [_thread_blocked, id=8880, stack(0x0000002ef1f00000,0x0000002ef2000000)]
  0x0000022706eea510 JavaThread "Unconstrained build operations Thread 38" [_thread_blocked, id=14680, stack(0x0000002ef2000000,0x0000002ef2100000)]
  0x0000022706ee44d0 JavaThread "Unconstrained build operations Thread 39" [_thread_blocked, id=14340, stack(0x0000002ef2100000,0x0000002ef2200000)]
  0x0000022706ee8360 JavaThread "Unconstrained build operations Thread 40" [_thread_blocked, id=11272, stack(0x0000002ef2200000,0x0000002ef2300000)]
  0x0000022706ee5ce0 JavaThread "Unconstrained build operations Thread 41" [_thread_blocked, id=9004, stack(0x0000002ef2300000,0x0000002ef2400000)]
  0x0000022706ee49a0 JavaThread "Unconstrained build operations Thread 42" [_thread_blocked, id=11776, stack(0x0000002ef2400000,0x0000002ef2500000)]
  0x0000022706ee61b0 JavaThread "Unconstrained build operations Thread 43" [_thread_blocked, id=4428, stack(0x0000002ef2500000,0x0000002ef2600000)]
  0x0000022706ee3b30 JavaThread "Unconstrained build operations Thread 44" [_thread_blocked, id=14256, stack(0x0000002ef2600000,0x0000002ef2700000)]
  0x0000022706ee6680 JavaThread "Unconstrained build operations Thread 45" [_thread_blocked, id=19508, stack(0x0000002ef2700000,0x0000002ef2800000)]
  0x0000022706ee9b70 JavaThread "Unconstrained build operations Thread 46" [_thread_blocked, id=21868, stack(0x0000002ef2800000,0x0000002ef2900000)]
  0x0000022706eea040 JavaThread "Unconstrained build operations Thread 47" [_thread_blocked, id=7764, stack(0x0000002ef2900000,0x0000002ef2a00000)]
  0x0000022706ee2cc0 JavaThread "Unconstrained build operations Thread 48" [_thread_blocked, id=19812, stack(0x0000002ef2a00000,0x0000002ef2b00000)]
  0x0000022706ee6b50 JavaThread "Unconstrained build operations Thread 49" [_thread_blocked, id=16280, stack(0x0000002ef2b00000,0x0000002ef2c00000)]
  0x0000022706ee4e70 JavaThread "Unconstrained build operations Thread 50" [_thread_blocked, id=19856, stack(0x0000002ef2c00000,0x0000002ef2d00000)]
  0x0000022706ee5340 JavaThread "Unconstrained build operations Thread 51" [_thread_blocked, id=5540, stack(0x0000002ef2d00000,0x0000002ef2e00000)]
  0x0000022706ee91d0 JavaThread "Unconstrained build operations Thread 52" [_thread_blocked, id=11172, stack(0x0000002ef2e00000,0x0000002ef2f00000)]
  0x0000022706ee5810 JavaThread "Unconstrained build operations Thread 53" [_thread_blocked, id=15432, stack(0x0000002ef2f00000,0x0000002ef3000000)]
  0x0000022706ee3190 JavaThread "Unconstrained build operations Thread 54" [_thread_blocked, id=2476, stack(0x0000002ef3000000,0x0000002ef3100000)]
  0x0000022706ee3660 JavaThread "Unconstrained build operations Thread 55" [_thread_blocked, id=21996, stack(0x0000002ef3100000,0x0000002ef3200000)]
  0x0000022706ee7020 JavaThread "Unconstrained build operations Thread 56" [_thread_blocked, id=16084, stack(0x0000002ef3200000,0x0000002ef3300000)]
  0x0000022706ee74f0 JavaThread "Unconstrained build operations Thread 57" [_thread_blocked, id=13588, stack(0x0000002ef3300000,0x0000002ef3400000)]
  0x0000022706ee79c0 JavaThread "Unconstrained build operations Thread 58" [_thread_blocked, id=20676, stack(0x0000002ef3400000,0x0000002ef3500000)]
  0x0000022706ee7e90 JavaThread "Unconstrained build operations Thread 59" [_thread_blocked, id=14596, stack(0x0000002ef3500000,0x0000002ef3600000)]
  0x0000022706ee8830 JavaThread "Unconstrained build operations Thread 60" [_thread_blocked, id=20940, stack(0x0000002ef3600000,0x0000002ef3700000)]
  0x0000022706ee8d00 JavaThread "Unconstrained build operations Thread 61" [_thread_blocked, id=18916, stack(0x0000002ef3700000,0x0000002ef3800000)]
  0x0000022703647a20 JavaThread "Unconstrained build operations Thread 62" [_thread_blocked, id=7936, stack(0x0000002ef3800000,0x0000002ef3900000)]
  0x000002270364c720 JavaThread "Unconstrained build operations Thread 63" [_thread_blocked, id=14968, stack(0x0000002ef3900000,0x0000002ef3a00000)]
  0x0000022703647550 JavaThread "Unconstrained build operations Thread 64" [_thread_blocked, id=21652, stack(0x0000002ef3a00000,0x0000002ef3b00000)]
  0x000002270364d0c0 JavaThread "Unconstrained build operations Thread 65" [_thread_blocked, id=17780, stack(0x0000002ef3b00000,0x0000002ef3c00000)]
  0x000002270364af10 JavaThread "Unconstrained build operations Thread 66" [_thread_blocked, id=3576, stack(0x0000002ef3c00000,0x0000002ef3d00000)]
  0x000002270364b8b0 JavaThread "Unconstrained build operations Thread 67" [_thread_blocked, id=3384, stack(0x0000002ef3d00000,0x0000002ef3e00000)]
  0x000002270364d590 JavaThread "Unconstrained build operations Thread 68" [_thread_blocked, id=3892, stack(0x0000002ef3e00000,0x0000002ef3f00000)]
  0x000002270364da60 JavaThread "Unconstrained build operations Thread 69" [_thread_blocked, id=18680, stack(0x0000002ef3f00000,0x0000002ef4000000)]
  0x000002270364cbf0 JavaThread "Unconstrained build operations Thread 70" [_thread_blocked, id=11128, stack(0x0000002ef4000000,0x0000002ef4100000)]
  0x000002270364bd80 JavaThread "Unconstrained build operations Thread 71" [_thread_blocked, id=6268, stack(0x0000002ef4100000,0x0000002ef4200000)]
  0x000002270364df30 JavaThread "Unconstrained build operations Thread 72" [_thread_blocked, id=12364, stack(0x0000002ef4200000,0x0000002ef4300000)]
  0x000002270364e400 JavaThread "Unconstrained build operations Thread 73" [_thread_blocked, id=18652, stack(0x0000002ef4300000,0x0000002ef4400000)]
  0x0000022703649bd0 JavaThread "Unconstrained build operations Thread 74" [_thread_blocked, id=9360, stack(0x0000002ef4400000,0x0000002ef4500000)]
  0x0000022703646bb0 JavaThread "Unconstrained build operations Thread 75" [_thread_blocked, id=11164, stack(0x0000002ef4500000,0x0000002ef4600000)]
  0x000002270364a0a0 JavaThread "Unconstrained build operations Thread 76" [_thread_blocked, id=9352, stack(0x0000002ef4600000,0x0000002ef4700000)]
  0x0000022703647080 JavaThread "Unconstrained build operations Thread 77" [_thread_blocked, id=3620, stack(0x0000002ef4700000,0x0000002ef4800000)]
  0x0000022703647ef0 JavaThread "Unconstrained build operations Thread 78" [_thread_blocked, id=6708, stack(0x0000002ef4800000,0x0000002ef4900000)]
  0x00000227036483c0 JavaThread "Unconstrained build operations Thread 79" [_thread_blocked, id=10960, stack(0x0000002ef4d00000,0x0000002ef4e00000)]
  0x0000022703649230 JavaThread "Unconstrained build operations Thread 80" [_thread_blocked, id=18812, stack(0x0000002ef5200000,0x0000002ef5300000)]

Other Threads:
=>0x000002277fc35650 VMThread "VM Thread" [stack: 0x0000002eec500000,0x0000002eec600000] [id=20124]
  0x000002277fdf78b0 WatcherThread [stack: 0x0000002eed100000,0x0000002eed200000] [id=18824]
  0x0000022765598330 GCTaskThread "GC Thread#0" [stack: 0x0000002eec000000,0x0000002eec100000] [id=6540]
  0x0000022700d1e7c0 GCTaskThread "GC Thread#1" [stack: 0x0000002eed300000,0x0000002eed400000] [id=3164]
  0x0000022701839660 GCTaskThread "GC Thread#2" [stack: 0x0000002eed400000,0x0000002eed500000] [id=19060]
  0x0000022700c57a20 GCTaskThread "GC Thread#3" [stack: 0x0000002eed500000,0x0000002eed600000] [id=20700]
  0x0000022700c57cd0 GCTaskThread "GC Thread#4" [stack: 0x0000002eed600000,0x0000002eed700000] [id=18240]
  0x0000022700d1b890 GCTaskThread "GC Thread#5" [stack: 0x0000002eed700000,0x0000002eed800000] [id=19604]
  0x000002270291e270 GCTaskThread "GC Thread#6" [stack: 0x0000002eeda00000,0x0000002eedb00000] [id=22108]
  0x0000022703180c70 GCTaskThread "GC Thread#7" [stack: 0x0000002eee200000,0x0000002eee300000] [id=12284]
  0x00000227655a9270 ConcurrentGCThread "G1 Main Marker" [stack: 0x0000002eec100000,0x0000002eec200000] [id=22272]
  0x00000227655aa420 ConcurrentGCThread "G1 Conc#0" [stack: 0x0000002eec200000,0x0000002eec300000] [id=14592]
  0x00000227035f22e0 ConcurrentGCThread "G1 Conc#1" [stack: 0x0000002eee300000,0x0000002eee400000] [id=6928]
  0x00000227655fe8a0 ConcurrentGCThread "G1 Refine#0" [stack: 0x0000002eec300000,0x0000002eec400000] [id=19968]
  0x00000227063ce640 ConcurrentGCThread "G1 Refine#1" [stack: 0x0000002ef4c00000,0x0000002ef4d00000] [id=4116]
  0x0000022705b3ff80 ConcurrentGCThread "G1 Refine#2" [stack: 0x0000002ef4f00000,0x0000002ef5000000] [id=20868]
  0x0000022705b413a0 ConcurrentGCThread "G1 Refine#3" [stack: 0x0000002ef5000000,0x0000002ef5100000] [id=20804]
  0x000002277f24a5b0 ConcurrentGCThread "G1 Service" [stack: 0x0000002eec400000,0x0000002eec500000] [id=20464]

Threads with active compile tasks:
C2 CompilerThread0    58715 14060       4       java.lang.Class::privateGetPublicMethods (224 bytes)

VM state: at safepoint (normal execution)

VM Mutex/Monitor currently owned by a thread:  ([mutex/lock_event])
[0x0000022765537260] Threads_lock - owner thread: 0x000002277fc35650
[0x0000022765537020] Heap_lock - owner thread: 0x0000022702ff05f0

Heap address: 0x0000000080000000, size: 2048 MB, Compressed Oops mode: 32-bit

CDS archive(s) not mapped
Compressed class space mapped at: 0x0000000100000000-0x0000000140000000, reserved size: 1073741824
Narrow klass base: 0x0000000000000000, Narrow klass shift: 3, Narrow klass range: 0x140000000

GC Precious Log:
 CPUs: 8 total, 8 available
 Memory: 16194M
 Large Page Support: Disabled
 NUMA Support: Disabled
 Compressed Oops: Enabled (32-bit)
 Heap Region Size: 1M
 Heap Min Capacity: 8M
 Heap Initial Capacity: 254M
 Heap Max Capacity: 2G
 Pre-touch: Disabled
 Parallel Workers: 8
 Concurrent Workers: 2
 Concurrent Refinement Workers: 8
 Periodic GC: Disabled

Heap:
 garbage-first heap   total 263168K, used 162148K [0x0000000080000000, 0x0000000100000000)
  region size 1024K, 2 young (2048K), 2 survivors (2048K)
 Metaspace       used 114999K, committed 115840K, reserved 1155072K
  class space    used 15918K, committed 16320K, reserved 1048576K

Heap Regions: E=young(eden), S=young(survivor), O=old, HS=humongous(starts), HC=humongous(continues), CS=collection set, F=free, OA=open archive, CA=closed archive, TAMS=top-at-mark-start (previous, next)
|   0|0x0000000080000000, 0x0000000080100000, 0x0000000080100000|100%|HS|  |TAMS 0x0000000080100000, 0x0000000080000000| Complete 
|   1|0x0000000080100000, 0x0000000080200000, 0x0000000080200000|100%|HC|  |TAMS 0x0000000080200000, 0x0000000080100000| Complete 
|   2|0x0000000080200000, 0x0000000080300000, 0x0000000080300000|100%|HC|  |TAMS 0x0000000080300000, 0x0000000080200000| Complete 
|   3|0x0000000080300000, 0x0000000080400000, 0x0000000080400000|100%|HC|  |TAMS 0x0000000080400000, 0x0000000080300000| Complete 
|   4|0x0000000080400000, 0x0000000080500000, 0x0000000080500000|100%| O|  |TAMS 0x0000000080500000, 0x0000000080400000| Untracked 
|   5|0x0000000080500000, 0x0000000080600000, 0x0000000080600000|100%| O|  |TAMS 0x0000000080600000, 0x0000000080500000| Untracked 
|   6|0x0000000080600000, 0x0000000080700000, 0x0000000080700000|100%| O|  |TAMS 0x0000000080700000, 0x0000000080600000| Untracked 
|   7|0x0000000080700000, 0x0000000080800000, 0x0000000080800000|100%| O|  |TAMS 0x0000000080800000, 0x0000000080700000| Untracked 
|   8|0x0000000080800000, 0x0000000080900000, 0x0000000080900000|100%| O|  |TAMS 0x0000000080900000, 0x0000000080800000| Untracked 
|   9|0x0000000080900000, 0x0000000080a00000, 0x0000000080a00000|100%| O|  |TAMS 0x0000000080a00000, 0x0000000080900000| Untracked 
|  10|0x0000000080a00000, 0x0000000080b00000, 0x0000000080b00000|100%| O|  |TAMS 0x0000000080b00000, 0x0000000080a00000| Untracked 
|  11|0x0000000080b00000, 0x0000000080c00000, 0x0000000080c00000|100%| O|  |TAMS 0x0000000080c00000, 0x0000000080b00000| Untracked 
|  12|0x0000000080c00000, 0x0000000080d00000, 0x0000000080d00000|100%| O|  |TAMS 0x0000000080d00000, 0x0000000080c00000| Untracked 
|  13|0x0000000080d00000, 0x0000000080e00000, 0x0000000080e00000|100%| O|  |TAMS 0x0000000080e00000, 0x0000000080d00000| Untracked 
|  14|0x0000000080e00000, 0x0000000080f00000, 0x0000000080f00000|100%| O|  |TAMS 0x0000000080f00000, 0x0000000080e00000| Untracked 
|  15|0x0000000080f00000, 0x0000000081000000, 0x0000000081000000|100%| O|  |TAMS 0x0000000081000000, 0x0000000080f00000| Untracked 
|  16|0x0000000081000000, 0x0000000081100000, 0x0000000081100000|100%| O|  |TAMS 0x0000000081100000, 0x0000000081000000| Untracked 
|  17|0x0000000081100000, 0x0000000081200000, 0x0000000081200000|100%| O|  |TAMS 0x0000000081200000, 0x0000000081100000| Untracked 
|  18|0x0000000081200000, 0x0000000081300000, 0x0000000081300000|100%| O|  |TAMS 0x0000000081300000, 0x0000000081200000| Untracked 
|  19|0x0000000081300000, 0x0000000081400000, 0x0000000081400000|100%| O|  |TAMS 0x0000000081400000, 0x0000000081300000| Untracked 
|  20|0x0000000081400000, 0x0000000081500000, 0x0000000081500000|100%| O|  |TAMS 0x0000000081500000, 0x0000000081400000| Untracked 
|  21|0x0000000081500000, 0x0000000081600000, 0x0000000081600000|100%| O|  |TAMS 0x0000000081600000, 0x0000000081500000| Untracked 
|  22|0x0000000081600000, 0x0000000081700000, 0x0000000081700000|100%| O|  |TAMS 0x0000000081700000, 0x0000000081600000| Untracked 
|  23|0x0000000081700000, 0x0000000081800000, 0x0000000081800000|100%|HS|  |TAMS 0x0000000081800000, 0x0000000081700000| Complete 
|  24|0x0000000081800000, 0x0000000081900000, 0x0000000081900000|100%| O|  |TAMS 0x0000000081900000, 0x0000000081800000| Untracked 
|  25|0x0000000081900000, 0x0000000081a00000, 0x0000000081a00000|100%| O|  |TAMS 0x0000000081a00000, 0x0000000081900000| Untracked 
|  26|0x0000000081a00000, 0x0000000081b00000, 0x0000000081b00000|100%| O|  |TAMS 0x0000000081b00000, 0x0000000081a00000| Untracked 
|  27|0x0000000081b00000, 0x0000000081c00000, 0x0000000081c00000|100%| O|  |TAMS 0x0000000081c00000, 0x0000000081b00000| Untracked 
|  28|0x0000000081c00000, 0x0000000081d00000, 0x0000000081d00000|100%| O|  |TAMS 0x0000000081d00000, 0x0000000081c00000| Untracked 
|  29|0x0000000081d00000, 0x0000000081e00000, 0x0000000081e00000|100%| O|  |TAMS 0x0000000081e00000, 0x0000000081d00000| Untracked 
|  30|0x0000000081e00000, 0x0000000081f00000, 0x0000000081f00000|100%|HS|  |TAMS 0x0000000081f00000, 0x0000000081e00000| Complete 
|  31|0x0000000081f00000, 0x0000000082000000, 0x0000000082000000|100%|HS|  |TAMS 0x0000000082000000, 0x0000000081f00000| Complete 
|  32|0x0000000082000000, 0x0000000082100000, 0x0000000082100000|100%| O|  |TAMS 0x0000000082100000, 0x0000000082000000| Untracked 
|  33|0x0000000082100000, 0x0000000082200000, 0x0000000082200000|100%| O|  |TAMS 0x0000000082200000, 0x0000000082100000| Untracked 
|  34|0x0000000082200000, 0x0000000082300000, 0x0000000082300000|100%| O|  |TAMS 0x0000000082300000, 0x0000000082200000| Untracked 
|  35|0x0000000082300000, 0x0000000082400000, 0x0000000082400000|100%| O|  |TAMS 0x0000000082400000, 0x0000000082300000| Untracked 
|  36|0x0000000082400000, 0x0000000082500000, 0x0000000082500000|100%| O|  |TAMS 0x0000000082500000, 0x0000000082400000| Untracked 
|  37|0x0000000082500000, 0x0000000082600000, 0x0000000082600000|100%| O|  |TAMS 0x0000000082600000, 0x0000000082500000| Untracked 
|  38|0x0000000082600000, 0x0000000082700000, 0x0000000082700000|100%| O|  |TAMS 0x0000000082600000, 0x0000000082600000| Untracked 
|  39|0x0000000082700000, 0x0000000082800000, 0x0000000082800000|100%| O|  |TAMS 0x0000000082800000, 0x0000000082700000| Untracked 
|  40|0x0000000082800000, 0x0000000082900000, 0x0000000082900000|100%| O|  |TAMS 0x0000000082900000, 0x0000000082800000| Untracked 
|  41|0x0000000082900000, 0x0000000082a00000, 0x0000000082a00000|100%| O|  |TAMS 0x0000000082a00000, 0x0000000082900000| Untracked 
|  42|0x0000000082a00000, 0x0000000082b00000, 0x0000000082b00000|100%| O|  |TAMS 0x0000000082b00000, 0x0000000082a00000| Untracked 
|  43|0x0000000082b00000, 0x0000000082c00000, 0x0000000082c00000|100%| O|  |TAMS 0x0000000082c00000, 0x0000000082b00000| Untracked 
|  44|0x0000000082c00000, 0x0000000082d00000, 0x0000000082d00000|100%| O|  |TAMS 0x0000000082d00000, 0x0000000082c00000| Untracked 
|  45|0x0000000082d00000, 0x0000000082e00000, 0x0000000082e00000|100%| O|  |TAMS 0x0000000082e00000, 0x0000000082d00000| Untracked 
|  46|0x0000000082e00000, 0x0000000082f00000, 0x0000000082f00000|100%| O|  |TAMS 0x0000000082f00000, 0x0000000082e00000| Untracked 
|  47|0x0000000082f00000, 0x0000000083000000, 0x0000000083000000|100%| O|  |TAMS 0x0000000083000000, 0x0000000082f00000| Untracked 
|  48|0x0000000083000000, 0x0000000083100000, 0x0000000083100000|100%| O|  |TAMS 0x0000000083100000, 0x0000000083000000| Untracked 
|  49|0x0000000083100000, 0x0000000083200000, 0x0000000083200000|100%| O|  |TAMS 0x0000000083200000, 0x0000000083100000| Untracked 
|  50|0x0000000083200000, 0x0000000083300000, 0x0000000083300000|100%| O|  |TAMS 0x0000000083300000, 0x0000000083200000| Untracked 
|  51|0x0000000083300000, 0x0000000083400000, 0x0000000083400000|100%| O|  |TAMS 0x0000000083400000, 0x0000000083300000| Untracked 
|  52|0x0000000083400000, 0x0000000083500000, 0x0000000083500000|100%| O|  |TAMS 0x0000000083500000, 0x0000000083400000| Untracked 
|  53|0x0000000083500000, 0x0000000083600000, 0x0000000083600000|100%| O|  |TAMS 0x0000000083600000, 0x0000000083500000| Untracked 
|  54|0x0000000083600000, 0x0000000083700000, 0x0000000083700000|100%| O|  |TAMS 0x0000000083700000, 0x0000000083600000| Untracked 
|  55|0x0000000083700000, 0x0000000083800000, 0x0000000083800000|100%| O|  |TAMS 0x0000000083800000, 0x0000000083700000| Untracked 
|  56|0x0000000083800000, 0x0000000083800000, 0x0000000083900000|  0%| F|  |TAMS 0x0000000083800000, 0x0000000083800000| Untracked 
|  57|0x0000000083900000, 0x0000000083a00000, 0x0000000083a00000|100%| O|  |TAMS 0x0000000083a00000, 0x0000000083900000| Untracked 
|  58|0x0000000083a00000, 0x0000000083b00000, 0x0000000083b00000|100%| O|  |TAMS 0x0000000083a00000, 0x0000000083a00000| Untracked 
|  59|0x0000000083b00000, 0x0000000083c00000, 0x0000000083c00000|100%| O|  |TAMS 0x0000000083c00000, 0x0000000083b00000| Untracked 
|  60|0x0000000083c00000, 0x0000000083d00000, 0x0000000083d00000|100%| O|  |TAMS 0x0000000083d00000, 0x0000000083c00000| Untracked 
|  61|0x0000000083d00000, 0x0000000083e00000, 0x0000000083e00000|100%| O|  |TAMS 0x0000000083e00000, 0x0000000083d00000| Untracked 
|  62|0x0000000083e00000, 0x0000000083f00000, 0x0000000083f00000|100%| O|  |TAMS 0x0000000083f00000, 0x0000000083e00000| Untracked 
|  63|0x0000000083f00000, 0x0000000084000000, 0x0000000084000000|100%| O|  |TAMS 0x0000000084000000, 0x0000000083f00000| Untracked 
|  64|0x0000000084000000, 0x0000000084100000, 0x0000000084100000|100%| O|  |TAMS 0x0000000084100000, 0x0000000084000000| Untracked 
|  65|0x0000000084100000, 0x0000000084200000, 0x0000000084200000|100%| O|  |TAMS 0x0000000084200000, 0x0000000084100000| Untracked 
|  66|0x0000000084200000, 0x0000000084300000, 0x0000000084300000|100%| O|  |TAMS 0x0000000084300000, 0x0000000084200000| Untracked 
|  67|0x0000000084300000, 0x0000000084400000, 0x0000000084400000|100%| O|  |TAMS 0x0000000084400000, 0x0000000084300000| Untracked 
|  68|0x0000000084400000, 0x0000000084500000, 0x0000000084500000|100%| O|  |TAMS 0x0000000084500000, 0x0000000084400000| Untracked 
|  69|0x0000000084500000, 0x0000000084600000, 0x0000000084600000|100%| O|  |TAMS 0x0000000084600000, 0x0000000084500000| Untracked 
|  70|0x0000000084600000, 0x0000000084600000, 0x0000000084700000|  0%| F|  |TAMS 0x0000000084600000, 0x0000000084600000| Untracked 
|  71|0x0000000084700000, 0x0000000084800000, 0x0000000084800000|100%| O|  |TAMS 0x0000000084800000, 0x0000000084700000| Untracked 
|  72|0x0000000084800000, 0x0000000084900000, 0x0000000084900000|100%| O|  |TAMS 0x0000000084900000, 0x0000000084800000| Untracked 
|  73|0x0000000084900000, 0x0000000084a00000, 0x0000000084a00000|100%| O|  |TAMS 0x0000000084900000, 0x0000000084900000| Untracked 
|  74|0x0000000084a00000, 0x0000000084b00000, 0x0000000084b00000|100%| O|  |TAMS 0x0000000084b00000, 0x0000000084a00000| Untracked 
|  75|0x0000000084b00000, 0x0000000084c00000, 0x0000000084c00000|100%| O|  |TAMS 0x0000000084c00000, 0x0000000084b00000| Untracked 
|  76|0x0000000084c00000, 0x0000000084d00000, 0x0000000084d00000|100%| O|  |TAMS 0x0000000084d00000, 0x0000000084c00000| Untracked 
|  77|0x0000000084d00000, 0x0000000084e00000, 0x0000000084e00000|100%| O|  |TAMS 0x0000000084e00000, 0x0000000084d00000| Untracked 
|  78|0x0000000084e00000, 0x0000000084f00000, 0x0000000084f00000|100%| O|  |TAMS 0x0000000084f00000, 0x0000000084e00000| Untracked 
|  79|0x0000000084f00000, 0x0000000085000000, 0x0000000085000000|100%| O|  |TAMS 0x0000000085000000, 0x0000000084f00000| Untracked 
|  80|0x0000000085000000, 0x0000000085100000, 0x0000000085100000|100%| O|  |TAMS 0x0000000085100000, 0x0000000085000000| Untracked 
|  81|0x0000000085100000, 0x0000000085200000, 0x0000000085200000|100%| O|  |TAMS 0x0000000085200000, 0x0000000085100000| Untracked 
|  82|0x0000000085200000, 0x0000000085200000, 0x0000000085300000|  0%| F|  |TAMS 0x0000000085200000, 0x0000000085200000| Untracked 
|  83|0x0000000085300000, 0x0000000085400000, 0x0000000085400000|100%| O|  |TAMS 0x0000000085400000, 0x0000000085300000| Untracked 
|  84|0x0000000085400000, 0x0000000085400000, 0x0000000085500000|  0%| F|  |TAMS 0x0000000085400000, 0x0000000085400000| Untracked 
|  85|0x0000000085500000, 0x0000000085600000, 0x0000000085600000|100%| O|  |TAMS 0x0000000085500000, 0x0000000085500000| Untracked 
|  86|0x0000000085600000, 0x0000000085700000, 0x0000000085700000|100%|HS|  |TAMS 0x0000000085700000, 0x0000000085600000| Complete 
|  87|0x0000000085700000, 0x0000000085800000, 0x0000000085800000|100%|HC|  |TAMS 0x0000000085800000, 0x0000000085700000| Complete 
|  88|0x0000000085800000, 0x0000000085900000, 0x0000000085900000|100%|HS|  |TAMS 0x0000000085900000, 0x0000000085800000| Complete 
|  89|0x0000000085900000, 0x0000000085a00000, 0x0000000085a00000|100%|HC|  |TAMS 0x0000000085a00000, 0x0000000085900000| Complete 
|  90|0x0000000085a00000, 0x0000000085b00000, 0x0000000085b00000|100%|HC|  |TAMS 0x0000000085b00000, 0x0000000085a00000| Complete 
|  91|0x0000000085b00000, 0x0000000085c00000, 0x0000000085c00000|100%|HS|  |TAMS 0x0000000085c00000, 0x0000000085b00000| Complete 
|  92|0x0000000085c00000, 0x0000000085d00000, 0x0000000085d00000|100%|HC|  |TAMS 0x0000000085d00000, 0x0000000085c00000| Complete 
|  93|0x0000000085d00000, 0x0000000085e00000, 0x0000000085e00000|100%|HC|  |TAMS 0x0000000085e00000, 0x0000000085d00000| Complete 
|  94|0x0000000085e00000, 0x0000000085f00000, 0x0000000085f00000|100%|HS|  |TAMS 0x0000000085f00000, 0x0000000085e00000| Complete 
|  95|0x0000000085f00000, 0x0000000086000000, 0x0000000086000000|100%|HC|  |TAMS 0x0000000086000000, 0x0000000085f00000| Complete 
|  96|0x0000000086000000, 0x0000000086100000, 0x0000000086100000|100%|HC|  |TAMS 0x0000000086100000, 0x0000000086000000| Complete 
|  97|0x0000000086100000, 0x0000000086200000, 0x0000000086200000|100%|HC|  |TAMS 0x0000000086200000, 0x0000000086100000| Complete 
|  98|0x0000000086200000, 0x0000000086300000, 0x0000000086300000|100%|HC|  |TAMS 0x0000000086300000, 0x0000000086200000| Complete 
|  99|0x0000000086300000, 0x0000000086400000, 0x0000000086400000|100%|HC|  |TAMS 0x0000000086400000, 0x0000000086300000| Complete 
| 100|0x0000000086400000, 0x0000000086500000, 0x0000000086500000|100%|HC|  |TAMS 0x0000000086500000, 0x0000000086400000| Complete 
| 101|0x0000000086500000, 0x0000000086600000, 0x0000000086600000|100%|HC|  |TAMS 0x0000000086600000, 0x0000000086500000| Complete 
| 102|0x0000000086600000, 0x0000000086700000, 0x0000000086700000|100%|HC|  |TAMS 0x0000000086700000, 0x0000000086600000| Complete 
| 103|0x0000000086700000, 0x0000000086800000, 0x0000000086800000|100%|HC|  |TAMS 0x0000000086800000, 0x0000000086700000| Complete 
| 104|0x0000000086800000, 0x0000000086900000, 0x0000000086900000|100%|HC|  |TAMS 0x0000000086900000, 0x0000000086800000| Complete 
| 105|0x0000000086900000, 0x0000000086a00000, 0x0000000086a00000|100%|HC|  |TAMS 0x0000000086a00000, 0x0000000086900000| Complete 
| 106|0x0000000086a00000, 0x0000000086b00000, 0x0000000086b00000|100%|HS|  |TAMS 0x0000000086b00000, 0x0000000086a00000| Complete 
| 107|0x0000000086b00000, 0x0000000086c00000, 0x0000000086c00000|100%|HC|  |TAMS 0x0000000086c00000, 0x0000000086b00000| Complete 
| 108|0x0000000086c00000, 0x0000000086d00000, 0x0000000086d00000|100%|HS|  |TAMS 0x0000000086d00000, 0x0000000086c00000| Complete 
| 109|0x0000000086d00000, 0x0000000086e00000, 0x0000000086e00000|100%|HC|  |TAMS 0x0000000086e00000, 0x0000000086d00000| Complete 
| 110|0x0000000086e00000, 0x0000000086f00000, 0x0000000086f00000|100%|HC|  |TAMS 0x0000000086f00000, 0x0000000086e00000| Complete 
| 111|0x0000000086f00000, 0x0000000087000000, 0x0000000087000000|100%|HS|  |TAMS 0x0000000087000000, 0x0000000086f00000| Complete 
| 112|0x0000000087000000, 0x0000000087100000, 0x0000000087100000|100%|HC|  |TAMS 0x0000000087100000, 0x0000000087000000| Complete 
| 113|0x0000000087100000, 0x0000000087200000, 0x0000000087200000|100%|HC|  |TAMS 0x0000000087200000, 0x0000000087100000| Complete 
| 114|0x0000000087200000, 0x0000000087300000, 0x0000000087300000|100%| O|  |TAMS 0x0000000087300000, 0x0000000087200000| Untracked 
| 115|0x0000000087300000, 0x0000000087400000, 0x0000000087400000|100%| O|  |TAMS 0x0000000087400000, 0x0000000087300000| Untracked 
| 116|0x0000000087400000, 0x0000000087500000, 0x0000000087500000|100%|HS|  |TAMS 0x0000000087500000, 0x0000000087400000| Complete 
| 117|0x0000000087500000, 0x0000000087600000, 0x0000000087600000|100%|HC|  |TAMS 0x0000000087600000, 0x0000000087500000| Complete 
| 118|0x0000000087600000, 0x0000000087700000, 0x0000000087700000|100%|HC|  |TAMS 0x0000000087700000, 0x0000000087600000| Complete 
| 119|0x0000000087700000, 0x0000000087800000, 0x0000000087800000|100%|HC|  |TAMS 0x0000000087800000, 0x0000000087700000| Complete 
| 120|0x0000000087800000, 0x0000000087900000, 0x0000000087900000|100%|HS|  |TAMS 0x0000000087800000, 0x0000000087800000| Complete 
| 121|0x0000000087900000, 0x0000000087a00000, 0x0000000087a00000|100%|HC|  |TAMS 0x0000000087900000, 0x0000000087900000| Complete 
| 122|0x0000000087a00000, 0x0000000087b00000, 0x0000000087b00000|100%|HC|  |TAMS 0x0000000087a00000, 0x0000000087a00000| Complete 
| 123|0x0000000087b00000, 0x0000000087c00000, 0x0000000087c00000|100%|HC|  |TAMS 0x0000000087b00000, 0x0000000087b00000| Complete 
| 124|0x0000000087c00000, 0x0000000087d00000, 0x0000000087d00000|100%|HC|  |TAMS 0x0000000087c00000, 0x0000000087c00000| Complete 
| 125|0x0000000087d00000, 0x0000000087e00000, 0x0000000087e00000|100%|HC|  |TAMS 0x0000000087d00000, 0x0000000087d00000| Complete 
| 126|0x0000000087e00000, 0x0000000087f00000, 0x0000000087f00000|100%| O|  |TAMS 0x0000000087f00000, 0x0000000087e00000| Untracked 
| 127|0x0000000087f00000, 0x0000000088000000, 0x0000000088000000|100%| O|  |TAMS 0x0000000088000000, 0x0000000087f00000| Untracked 
| 128|0x0000000088000000, 0x0000000088100000, 0x0000000088100000|100%| O|  |TAMS 0x0000000088100000, 0x0000000088000000| Untracked 
| 129|0x0000000088100000, 0x0000000088200000, 0x0000000088200000|100%| O|  |TAMS 0x0000000088200000, 0x0000000088100000| Untracked 
| 130|0x0000000088200000, 0x0000000088300000, 0x0000000088300000|100%| O|  |TAMS 0x0000000088300000, 0x0000000088200000| Untracked 
| 131|0x0000000088300000, 0x0000000088400000, 0x0000000088400000|100%| O|  |TAMS 0x0000000088400000, 0x0000000088300000| Untracked 
| 132|0x0000000088400000, 0x0000000088500000, 0x0000000088500000|100%| O|  |TAMS 0x0000000088500000, 0x0000000088400000| Untracked 
| 133|0x0000000088500000, 0x0000000088600000, 0x0000000088600000|100%| O|  |TAMS 0x0000000088600000, 0x0000000088500000| Untracked 
| 134|0x0000000088600000, 0x0000000088700000, 0x0000000088700000|100%| O|  |TAMS 0x0000000088700000, 0x0000000088600000| Untracked 
| 135|0x0000000088700000, 0x0000000088800000, 0x0000000088800000|100%| O|  |TAMS 0x0000000088800000, 0x0000000088700000| Untracked 
| 136|0x0000000088800000, 0x0000000088900000, 0x0000000088900000|100%| O|  |TAMS 0x0000000088900000, 0x0000000088800000| Untracked 
| 137|0x0000000088900000, 0x0000000088a00000, 0x0000000088a00000|100%| O|  |TAMS 0x0000000088a00000, 0x0000000088900000| Untracked 
| 138|0x0000000088a00000, 0x0000000088b00000, 0x0000000088b00000|100%| O|  |TAMS 0x0000000088b00000, 0x0000000088a00000| Untracked 
| 139|0x0000000088b00000, 0x0000000088c00000, 0x0000000088c00000|100%| O|  |TAMS 0x0000000088c00000, 0x0000000088b00000| Untracked 
| 140|0x0000000088c00000, 0x0000000088d00000, 0x0000000088d00000|100%| O|  |TAMS 0x0000000088d00000, 0x0000000088c00000| Untracked 
| 141|0x0000000088d00000, 0x0000000088e00000, 0x0000000088e00000|100%| O|  |TAMS 0x0000000088e00000, 0x0000000088d00000| Untracked 
| 142|0x0000000088e00000, 0x0000000088f00000, 0x0000000088f00000|100%| O|  |TAMS 0x0000000088f00000, 0x0000000088e00000| Untracked 
| 143|0x0000000088f00000, 0x0000000089000000, 0x0000000089000000|100%| O|  |TAMS 0x0000000089000000, 0x0000000088f00000| Untracked 
| 144|0x0000000089000000, 0x0000000089100000, 0x0000000089100000|100%| O|  |TAMS 0x0000000089100000, 0x0000000089000000| Untracked 
| 145|0x0000000089100000, 0x0000000089200000, 0x0000000089200000|100%| O|  |TAMS 0x0000000089185e00, 0x0000000089100000| Untracked 
| 146|0x0000000089200000, 0x0000000089300000, 0x0000000089300000|100%| O|  |TAMS 0x0000000089200000, 0x0000000089200000| Untracked 
| 147|0x0000000089300000, 0x0000000089400000, 0x0000000089400000|100%| O|  |TAMS 0x0000000089300000, 0x0000000089300000| Untracked 
| 148|0x0000000089400000, 0x0000000089500000, 0x0000000089500000|100%| O|  |TAMS 0x0000000089400000, 0x0000000089400000| Untracked 
| 149|0x0000000089500000, 0x0000000089600000, 0x0000000089600000|100%| O|  |TAMS 0x0000000089500000, 0x0000000089500000| Untracked 
| 150|0x0000000089600000, 0x0000000089700000, 0x0000000089700000|100%| O|  |TAMS 0x0000000089600000, 0x0000000089600000| Untracked 
| 151|0x0000000089700000, 0x0000000089800000, 0x0000000089800000|100%| O|  |TAMS 0x0000000089700000, 0x0000000089700000| Untracked 
| 152|0x0000000089800000, 0x0000000089900000, 0x0000000089900000|100%| O|  |TAMS 0x0000000089800000, 0x0000000089800000| Untracked 
| 153|0x0000000089900000, 0x0000000089a00000, 0x0000000089a00000|100%| O|  |TAMS 0x0000000089900000, 0x0000000089900000| Untracked 
| 154|0x0000000089a00000, 0x0000000089b00000, 0x0000000089b00000|100%| O|  |TAMS 0x0000000089a00000, 0x0000000089a00000| Untracked 
| 155|0x0000000089b00000, 0x0000000089c00000, 0x0000000089c00000|100%| O|  |TAMS 0x0000000089b00000, 0x0000000089b00000| Untracked 
| 156|0x0000000089c00000, 0x0000000089d00000, 0x0000000089d00000|100%| O|  |TAMS 0x0000000089c00000, 0x0000000089c00000| Untracked 
| 157|0x0000000089d00000, 0x0000000089e00000, 0x0000000089e00000|100%| O|  |TAMS 0x0000000089d00000, 0x0000000089d00000| Untracked 
| 158|0x0000000089e00000, 0x0000000089f00000, 0x0000000089f00000|100%| O|  |TAMS 0x0000000089e00000, 0x0000000089e00000| Untracked 
| 159|0x0000000089f00000, 0x000000008a000000, 0x000000008a000000|100%| O|  |TAMS 0x0000000089f00000, 0x0000000089f00000| Untracked 
| 160|0x000000008a000000, 0x000000008a100000, 0x000000008a100000|100%| O|  |TAMS 0x000000008a000000, 0x000000008a000000| Untracked 
| 161|0x000000008a100000, 0x000000008a128a00, 0x000000008a200000| 15%| O|  |TAMS 0x000000008a100000, 0x000000008a100000| Untracked 
| 162|0x000000008a200000, 0x000000008a200000, 0x000000008a300000|  0%| F|  |TAMS 0x000000008a200000, 0x000000008a200000| Untracked 
| 163|0x000000008a300000, 0x000000008a300000, 0x000000008a400000|  0%| F|  |TAMS 0x000000008a300000, 0x000000008a300000| Untracked 
| 164|0x000000008a400000, 0x000000008a400000, 0x000000008a500000|  0%| F|  |TAMS 0x000000008a400000, 0x000000008a400000| Untracked 
| 165|0x000000008a500000, 0x000000008a500000, 0x000000008a600000|  0%| F|  |TAMS 0x000000008a500000, 0x000000008a500000| Untracked 
| 166|0x000000008a600000, 0x000000008a600000, 0x000000008a700000|  0%| F|  |TAMS 0x000000008a600000, 0x000000008a600000| Untracked 
| 167|0x000000008a700000, 0x000000008a700000, 0x000000008a800000|  0%| F|  |TAMS 0x000000008a700000, 0x000000008a700000| Untracked 
| 168|0x000000008a800000, 0x000000008a800000, 0x000000008a900000|  0%| F|  |TAMS 0x000000008a800000, 0x000000008a800000| Untracked 
| 169|0x000000008a900000, 0x000000008a900000, 0x000000008aa00000|  0%| F|  |TAMS 0x000000008a900000, 0x000000008a900000| Untracked 
| 170|0x000000008aa00000, 0x000000008aa00000, 0x000000008ab00000|  0%| F|  |TAMS 0x000000008aa00000, 0x000000008aa00000| Untracked 
| 171|0x000000008ab00000, 0x000000008ab00000, 0x000000008ac00000|  0%| F|  |TAMS 0x000000008ab00000, 0x000000008ab00000| Untracked 
| 172|0x000000008ac00000, 0x000000008ac00000, 0x000000008ad00000|  0%| F|  |TAMS 0x000000008ac00000, 0x000000008ac00000| Untracked 
| 173|0x000000008ad00000, 0x000000008ad00000, 0x000000008ae00000|  0%| F|  |TAMS 0x000000008ad00000, 0x000000008ad00000| Untracked 
| 174|0x000000008ae00000, 0x000000008ae00000, 0x000000008af00000|  0%| F|  |TAMS 0x000000008ae00000, 0x000000008ae00000| Untracked 
| 175|0x000000008af00000, 0x000000008af00000, 0x000000008b000000|  0%| F|  |TAMS 0x000000008af00000, 0x000000008af00000| Untracked 
| 176|0x000000008b000000, 0x000000008b000000, 0x000000008b100000|  0%| F|  |TAMS 0x000000008b000000, 0x000000008b000000| Untracked 
| 177|0x000000008b100000, 0x000000008b100000, 0x000000008b200000|  0%| F|  |TAMS 0x000000008b100000, 0x000000008b100000| Untracked 
| 178|0x000000008b200000, 0x000000008b200000, 0x000000008b300000|  0%| F|  |TAMS 0x000000008b200000, 0x000000008b200000| Untracked 
| 179|0x000000008b300000, 0x000000008b300000, 0x000000008b400000|  0%| F|  |TAMS 0x000000008b300000, 0x000000008b300000| Untracked 
| 180|0x000000008b400000, 0x000000008b400000, 0x000000008b500000|  0%| F|  |TAMS 0x000000008b400000, 0x000000008b400000| Untracked 
| 181|0x000000008b500000, 0x000000008b500000, 0x000000008b600000|  0%| F|  |TAMS 0x000000008b500000, 0x000000008b500000| Untracked 
| 182|0x000000008b600000, 0x000000008b600000, 0x000000008b700000|  0%| F|  |TAMS 0x000000008b600000, 0x000000008b600000| Untracked 
| 183|0x000000008b700000, 0x000000008b700000, 0x000000008b800000|  0%| F|  |TAMS 0x000000008b700000, 0x000000008b700000| Untracked 
| 184|0x000000008b800000, 0x000000008b800000, 0x000000008b900000|  0%| F|  |TAMS 0x000000008b800000, 0x000000008b800000| Untracked 
| 185|0x000000008b900000, 0x000000008b900000, 0x000000008ba00000|  0%| F|  |TAMS 0x000000008b900000, 0x000000008b900000| Untracked 
| 186|0x000000008ba00000, 0x000000008ba00000, 0x000000008bb00000|  0%| F|  |TAMS 0x000000008ba00000, 0x000000008ba00000| Untracked 
| 187|0x000000008bb00000, 0x000000008bb00000, 0x000000008bc00000|  0%| F|  |TAMS 0x000000008bb00000, 0x000000008bb00000| Untracked 
| 188|0x000000008bc00000, 0x000000008bc00000, 0x000000008bd00000|  0%| F|  |TAMS 0x000000008bc00000, 0x000000008bc00000| Untracked 
| 189|0x000000008bd00000, 0x000000008bd00000, 0x000000008be00000|  0%| F|  |TAMS 0x000000008bd00000, 0x000000008bd00000| Untracked 
| 190|0x000000008be00000, 0x000000008be00000, 0x000000008bf00000|  0%| F|  |TAMS 0x000000008be00000, 0x000000008be00000| Untracked 
| 191|0x000000008bf00000, 0x000000008bf00000, 0x000000008c000000|  0%| F|  |TAMS 0x000000008bf00000, 0x000000008bf00000| Untracked 
| 192|0x000000008c000000, 0x000000008c000000, 0x000000008c100000|  0%| F|  |TAMS 0x000000008c000000, 0x000000008c000000| Untracked 
| 193|0x000000008c100000, 0x000000008c100000, 0x000000008c200000|  0%| F|  |TAMS 0x000000008c100000, 0x000000008c100000| Untracked 
| 194|0x000000008c200000, 0x000000008c200000, 0x000000008c300000|  0%| F|  |TAMS 0x000000008c200000, 0x000000008c200000| Untracked 
| 195|0x000000008c300000, 0x000000008c300000, 0x000000008c400000|  0%| F|  |TAMS 0x000000008c300000, 0x000000008c300000| Untracked 
| 196|0x000000008c400000, 0x000000008c400000, 0x000000008c500000|  0%| F|  |TAMS 0x000000008c400000, 0x000000008c400000| Untracked 
| 197|0x000000008c500000, 0x000000008c500000, 0x000000008c600000|  0%| F|  |TAMS 0x000000008c500000, 0x000000008c500000| Untracked 
| 198|0x000000008c600000, 0x000000008c600000, 0x000000008c700000|  0%| F|  |TAMS 0x000000008c600000, 0x000000008c600000| Untracked 
| 199|0x000000008c700000, 0x000000008c700000, 0x000000008c800000|  0%| F|  |TAMS 0x000000008c700000, 0x000000008c700000| Untracked 
| 200|0x000000008c800000, 0x000000008c800000, 0x000000008c900000|  0%| F|  |TAMS 0x000000008c800000, 0x000000008c800000| Untracked 
| 201|0x000000008c900000, 0x000000008c900000, 0x000000008ca00000|  0%| F|  |TAMS 0x000000008c900000, 0x000000008c900000| Untracked 
| 202|0x000000008ca00000, 0x000000008ca00000, 0x000000008cb00000|  0%| F|  |TAMS 0x000000008ca00000, 0x000000008ca00000| Untracked 
| 203|0x000000008cb00000, 0x000000008cb00000, 0x000000008cc00000|  0%| F|  |TAMS 0x000000008cb00000, 0x000000008cb00000| Untracked 
| 204|0x000000008cc00000, 0x000000008cc00000, 0x000000008cd00000|  0%| F|  |TAMS 0x000000008cc00000, 0x000000008cc00000| Untracked 
| 205|0x000000008cd00000, 0x000000008cd00000, 0x000000008ce00000|  0%| F|  |TAMS 0x000000008cd00000, 0x000000008cd00000| Untracked 
| 206|0x000000008ce00000, 0x000000008ce00000, 0x000000008cf00000|  0%| F|  |TAMS 0x000000008ce00000, 0x000000008ce00000| Untracked 
| 207|0x000000008cf00000, 0x000000008cf00000, 0x000000008d000000|  0%| F|  |TAMS 0x000000008cf00000, 0x000000008cf00000| Untracked 
| 208|0x000000008d000000, 0x000000008d000000, 0x000000008d100000|  0%| F|  |TAMS 0x000000008d000000, 0x000000008d000000| Untracked 
| 209|0x000000008d100000, 0x000000008d100000, 0x000000008d200000|  0%| F|  |TAMS 0x000000008d100000, 0x000000008d100000| Untracked 
| 210|0x000000008d200000, 0x000000008d200000, 0x000000008d300000|  0%| F|  |TAMS 0x000000008d200000, 0x000000008d200000| Untracked 
| 211|0x000000008d300000, 0x000000008d300000, 0x000000008d400000|  0%| F|  |TAMS 0x000000008d300000, 0x000000008d300000| Untracked 
| 212|0x000000008d400000, 0x000000008d400000, 0x000000008d500000|  0%| F|  |TAMS 0x000000008d400000, 0x000000008d400000| Untracked 
| 213|0x000000008d500000, 0x000000008d500000, 0x000000008d600000|  0%| F|  |TAMS 0x000000008d500000, 0x000000008d500000| Untracked 
| 214|0x000000008d600000, 0x000000008d600000, 0x000000008d700000|  0%| F|  |TAMS 0x000000008d600000, 0x000000008d600000| Untracked 
| 215|0x000000008d700000, 0x000000008d700000, 0x000000008d800000|  0%| F|  |TAMS 0x000000008d700000, 0x000000008d700000| Untracked 
| 216|0x000000008d800000, 0x000000008d800000, 0x000000008d900000|  0%| F|  |TAMS 0x000000008d800000, 0x000000008d800000| Untracked 
| 217|0x000000008d900000, 0x000000008d900000, 0x000000008da00000|  0%| F|  |TAMS 0x000000008d900000, 0x000000008d900000| Untracked 
| 218|0x000000008da00000, 0x000000008da00000, 0x000000008db00000|  0%| F|  |TAMS 0x000000008da00000, 0x000000008da00000| Untracked 
| 219|0x000000008db00000, 0x000000008db00000, 0x000000008dc00000|  0%| F|  |TAMS 0x000000008db00000, 0x000000008db00000| Untracked 
| 220|0x000000008dc00000, 0x000000008dc00000, 0x000000008dd00000|  0%| F|  |TAMS 0x000000008dc00000, 0x000000008dc00000| Untracked 
| 221|0x000000008dd00000, 0x000000008dd00000, 0x000000008de00000|  0%| F|  |TAMS 0x000000008dd00000, 0x000000008dd00000| Untracked 
| 222|0x000000008de00000, 0x000000008de00000, 0x000000008df00000|  0%| F|  |TAMS 0x000000008de00000, 0x000000008de00000| Untracked 
| 223|0x000000008df00000, 0x000000008df00000, 0x000000008e000000|  0%| F|  |TAMS 0x000000008df00000, 0x000000008df00000| Untracked 
| 224|0x000000008e000000, 0x000000008e000000, 0x000000008e100000|  0%| F|  |TAMS 0x000000008e000000, 0x000000008e000000| Untracked 
| 225|0x000000008e100000, 0x000000008e100000, 0x000000008e200000|  0%| F|  |TAMS 0x000000008e100000, 0x000000008e100000| Untracked 
| 226|0x000000008e200000, 0x000000008e200000, 0x000000008e300000|  0%| F|  |TAMS 0x000000008e200000, 0x000000008e200000| Untracked 
| 227|0x000000008e300000, 0x000000008e300000, 0x000000008e400000|  0%| F|  |TAMS 0x000000008e300000, 0x000000008e300000| Untracked 
| 228|0x000000008e400000, 0x000000008e400000, 0x000000008e500000|  0%| F|  |TAMS 0x000000008e400000, 0x000000008e400000| Untracked 
| 229|0x000000008e500000, 0x000000008e500000, 0x000000008e600000|  0%| F|  |TAMS 0x000000008e500000, 0x000000008e500000| Untracked 
| 230|0x000000008e600000, 0x000000008e600000, 0x000000008e700000|  0%| F|  |TAMS 0x000000008e600000, 0x000000008e600000| Untracked 
| 231|0x000000008e700000, 0x000000008e700000, 0x000000008e800000|  0%| F|  |TAMS 0x000000008e700000, 0x000000008e700000| Untracked 
| 232|0x000000008e800000, 0x000000008e800000, 0x000000008e900000|  0%| F|  |TAMS 0x000000008e800000, 0x000000008e800000| Untracked 
| 233|0x000000008e900000, 0x000000008e900000, 0x000000008ea00000|  0%| F|  |TAMS 0x000000008e900000, 0x000000008e900000| Untracked 
| 234|0x000000008ea00000, 0x000000008ea00000, 0x000000008eb00000|  0%| F|  |TAMS 0x000000008ea00000, 0x000000008ea00000| Untracked 
| 235|0x000000008eb00000, 0x000000008eb00000, 0x000000008ec00000|  0%| F|  |TAMS 0x000000008eb00000, 0x000000008eb00000| Untracked 
| 236|0x000000008ec00000, 0x000000008ec00000, 0x000000008ed00000|  0%| F|  |TAMS 0x000000008ec00000, 0x000000008ec00000| Untracked 
| 237|0x000000008ed00000, 0x000000008ed00000, 0x000000008ee00000|  0%| F|  |TAMS 0x000000008ed00000, 0x000000008ed00000| Untracked 
| 238|0x000000008ee00000, 0x000000008ee00000, 0x000000008ef00000|  0%| F|  |TAMS 0x000000008ee00000, 0x000000008ee00000| Untracked 
| 239|0x000000008ef00000, 0x000000008ef00000, 0x000000008f000000|  0%| F|  |TAMS 0x000000008ef00000, 0x000000008ef00000| Untracked 
| 240|0x000000008f000000, 0x000000008f000000, 0x000000008f100000|  0%| F|  |TAMS 0x000000008f000000, 0x000000008f000000| Untracked 
| 241|0x000000008f100000, 0x000000008f100000, 0x000000008f200000|  0%| F|  |TAMS 0x000000008f100000, 0x000000008f100000| Untracked 
| 242|0x000000008f200000, 0x000000008f200000, 0x000000008f300000|  0%| F|  |TAMS 0x000000008f200000, 0x000000008f200000| Untracked 
| 243|0x000000008f300000, 0x000000008f300000, 0x000000008f400000|  0%| F|  |TAMS 0x000000008f300000, 0x000000008f300000| Untracked 
| 244|0x000000008f400000, 0x000000008f400000, 0x000000008f500000|  0%| F|  |TAMS 0x000000008f400000, 0x000000008f400000| Untracked 
| 245|0x000000008f500000, 0x000000008f500000, 0x000000008f600000|  0%| F|  |TAMS 0x000000008f500000, 0x000000008f500000| Untracked 
| 246|0x000000008f600000, 0x000000008f600000, 0x000000008f700000|  0%| F|  |TAMS 0x000000008f600000, 0x000000008f600000| Untracked 
| 247|0x000000008f700000, 0x000000008f700000, 0x000000008f800000|  0%| F|  |TAMS 0x000000008f700000, 0x000000008f700000| Untracked 
| 248|0x000000008f800000, 0x000000008f830800, 0x000000008f900000| 18%| S|CS|TAMS 0x000000008f800000, 0x000000008f800000| Complete 
| 249|0x000000008f900000, 0x000000008fa00000, 0x000000008fa00000|100%| S|CS|TAMS 0x000000008f900000, 0x000000008f900000| Complete 
| 250|0x000000008fa00000, 0x000000008fa00000, 0x000000008fb00000|  0%| F|  |TAMS 0x000000008fa00000, 0x000000008fa00000| Untracked 
| 251|0x000000008fb00000, 0x000000008fb00000, 0x000000008fc00000|  0%| F|  |TAMS 0x000000008fb00000, 0x000000008fb00000| Untracked 
| 252|0x000000008fc00000, 0x000000008fc00000, 0x000000008fd00000|  0%| F|  |TAMS 0x000000008fc00000, 0x000000008fc00000| Untracked 
| 253|0x000000008fd00000, 0x000000008fd00000, 0x000000008fe00000|  0%| F|  |TAMS 0x000000008fd00000, 0x000000008fd00000| Untracked 
| 254|0x000000008fe00000, 0x000000008fe00000, 0x000000008ff00000|  0%| F|  |TAMS 0x000000008fe00000, 0x000000008fe00000| Untracked 
| 255|0x000000008ff00000, 0x000000008ff00000, 0x0000000090000000|  0%| F|  |TAMS 0x000000008ff00000, 0x000000008ff00000| Untracked 
| 256|0x0000000090000000, 0x0000000090000000, 0x0000000090100000|  0%| F|  |TAMS 0x0000000090000000, 0x0000000090000000| Untracked 

Card table byte_map: [0x0000022778130000,0x0000022778530000] _byte_map_base: 0x0000022777d30000

Marking Bits (Prev, Next): (CMBitMap*) 0x0000022765598980, (CMBitMap*) 0x0000022765598940
 Prev Bits: [0x000002277a930000, 0x000002277c930000)
 Next Bits: [0x0000022778930000, 0x000002277a930000)

Polling page: 0x0000022764d00000

Metaspace:

Usage:
  Non-class:     96.76 MB used.
      Class:     15.55 MB used.
       Both:    112.30 MB used.

Virtual space:
  Non-class space:      104.00 MB reserved,      97.19 MB ( 93%) committed,  13 nodes.
      Class space:        1.00 GB reserved,      15.94 MB (  2%) committed,  1 nodes.
             Both:        1.10 GB reserved,     113.12 MB ( 10%) committed. 

Chunk freelists:
   Non-Class:  2.64 MB
       Class:  0 bytes
        Both:  2.64 MB

MaxMetaspaceSize: unlimited
CompressedClassSpaceSize: 1.00 GB
Initial GC threshold: 21.00 MB
Current GC threshold: 181.56 MB
CDS: off
MetaspaceReclaimPolicy: balanced
 - commit_granule_bytes: 65536.
 - commit_granule_words: 8192.
 - virtual_space_node_default_size: 1048576.
 - enlarge_chunks_in_place: 1.
 - new_chunks_are_fully_committed: 0.
 - uncommit_free_chunks: 1.
 - use_allocation_guard: 0.
 - handle_deallocations: 1.


Internal statistics:

num_allocs_failed_limit: 6.
num_arena_births: 1336.
num_arena_deaths: 14.
num_vsnodes_births: 14.
num_vsnodes_deaths: 0.
num_space_committed: 1809.
num_space_uncommitted: 0.
num_chunks_returned_to_freelist: 27.
num_chunks_taken_from_freelist: 5652.
num_chunk_merges: 15.
num_chunk_splits: 3805.
num_chunks_enlarged: 2601.
num_purges: 2.
num_inconsistent_stats: 0.

CodeHeap 'non-profiled nmethods': size=120000Kb used=7689Kb max_used=7954Kb free=112310Kb
 bounds [0x00000227704d0000, 0x0000022770ca0000, 0x0000022777a00000]
CodeHeap 'profiled nmethods': size=120000Kb used=23685Kb max_used=24700Kb free=96314Kb
 bounds [0x0000022768a00000, 0x000002276a220000, 0x000002276ff30000]
CodeHeap 'non-nmethods': size=5760Kb used=2417Kb max_used=2496Kb free=3342Kb
 bounds [0x000002276ff30000, 0x00000227701c0000, 0x00000227704d0000]
 total_blobs=13040 nmethods=12083 adapters=869
 compilation: enabled
              stopped_count=0, restarted_count=0
 full_count=0

Compilation events (20 events):
Event: 58.491 Thread 0x000002277fc94290 nmethod 14083 0x000002277082a390 code [0x000002277082a520, 0x000002277082a5f8]
Event: 58.491 Thread 0x000002277fc94290 14084       1       org.jetbrains.kotlin.container.ClassInfo::getRegistrations (5 bytes)
Event: 58.491 Thread 0x000002277fc94290 nmethod 14084 0x000002277082a090 code [0x000002277082a220, 0x000002277082a2f8]
Event: 58.492 Thread 0x000002277fc94290 14082       1       org.jetbrains.kotlin.com.intellij.util.containers.ConcurrentWeakKeySoftValueHashMap$HardKey::hashCode (5 bytes)
Event: 58.492 Thread 0x000002277fc94290 nmethod 14082 0x00000227707f0e10 code [0x00000227707f0fa0, 0x00000227707f1078]
Event: 58.493 Thread 0x000002277fc94290 14085       3       org.jetbrains.kotlin.com.intellij.util.SmartList::get (28 bytes)
Event: 58.493 Thread 0x000002277fc94290 nmethod 14085 0x0000022768c33790 code [0x0000022768c33960, 0x0000022768c33ca8]
Event: 58.493 Thread 0x000002277fc94290 14087       3       kotlin.collections.EmptyList::iterator (7 bytes)
Event: 58.493 Thread 0x000002277fc94290 nmethod 14087 0x0000022768bd6590 code [0x0000022768bd6720, 0x0000022768bd6838]
Event: 58.493 Thread 0x000002277fc94290 14086       1       org.jetbrains.kotlin.com.intellij.util.SmartList::asElement (5 bytes)
Event: 58.494 Thread 0x000002277fc94290 nmethod 14086 0x00000227707f0a90 code [0x00000227707f0c20, 0x00000227707f0cf8]
Event: 58.494 Thread 0x000002277fc94290 14088       1       org.jetbrains.kotlin.container.ComponentDescriptor::getShouldInjectProperties (2 bytes)
Event: 58.494 Thread 0x000002277fc94290 nmethod 14088 0x000002277079c490 code [0x000002277079c620, 0x000002277079c6f8]
Event: 58.499 Thread 0x00000227092689b0 nmethod 14078 0x0000022770ab0090 code [0x0000022770ab0220, 0x0000022770ab0678]
Event: 58.499 Thread 0x00000227092689b0 14074       4       java.lang.Class::getGenericSuperclass (28 bytes)
Event: 58.516 Thread 0x00000227092689b0 nmethod 14074 0x00000227707f5d90 code [0x00000227707f5f60, 0x00000227707f66e8]
Event: 58.639 Thread 0x000002277fc94290 14089       3       org.jetbrains.kotlin.container.CacheKt::getSetterInfos (154 bytes)
Event: 58.646 Thread 0x000002277fc94290 nmethod 14089 0x0000022768b76b10 code [0x0000022768b77160, 0x0000022768b7a398]
Event: 58.646 Thread 0x000002277fc94290 14090       3       org.jetbrains.kotlin.com.intellij.util.SmartList::<init> (5 bytes)
Event: 58.646 Thread 0x000002277fc94290 nmethod 14090 0x00000227691b9c90 code [0x00000227691b9e40, 0x00000227691ba078]

GC Heap History (20 events):
Event: 17.451 GC heap after
{Heap after GC invocations=42 (full 0):
 garbage-first heap   total 225280K, used 85069K [0x0000000080000000, 0x0000000100000000)
  region size 1024K, 1 young (1024K), 1 survivors (1024K)
 Metaspace       used 91085K, committed 91776K, reserved 1130496K
  class space    used 12482K, committed 12800K, reserved 1048576K
}
Event: 44.274 GC heap before
{Heap before GC invocations=42 (full 0):
 garbage-first heap   total 225280K, used 176205K [0x0000000080000000, 0x0000000100000000)
  region size 1024K, 91 young (93184K), 1 survivors (1024K)
 Metaspace       used 92667K, committed 93312K, reserved 1130496K
  class space    used 12628K, committed 12928K, reserved 1048576K
}
Event: 44.284 GC heap after
{Heap after GC invocations=43 (full 0):
 garbage-first heap   total 225280K, used 92692K [0x0000000080000000, 0x0000000100000000)
  region size 1024K, 8 young (8192K), 8 survivors (8192K)
 Metaspace       used 92667K, committed 93312K, reserved 1130496K
  class space    used 12628K, committed 12928K, reserved 1048576K
}
Event: 53.951 GC heap before
{Heap before GC invocations=43 (full 0):
 garbage-first heap   total 225280K, used 114196K [0x0000000080000000, 0x0000000100000000)
  region size 1024K, 30 young (30720K), 8 survivors (8192K)
 Metaspace       used 92959K, committed 93696K, reserved 1130496K
  class space    used 12656K, committed 12992K, reserved 1048576K
}
Event: 53.956 GC heap after
{Heap after GC invocations=44 (full 0):
 garbage-first heap   total 225280K, used 89090K [0x0000000080000000, 0x0000000100000000)
  region size 1024K, 2 young (2048K), 2 survivors (2048K)
 Metaspace       used 92959K, committed 93696K, reserved 1130496K
  class space    used 12656K, committed 12992K, reserved 1048576K
}
Event: 55.813 GC heap before
{Heap before GC invocations=45 (full 0):
 garbage-first heap   total 225280K, used 208898K [0x0000000080000000, 0x0000000100000000)
  region size 1024K, 92 young (94208K), 2 survivors (2048K)
 Metaspace       used 100515K, committed 101376K, reserved 1138688K
  class space    used 14150K, committed 14592K, reserved 1048576K
}
Event: 55.822 GC heap after
{Heap after GC invocations=46 (full 0):
 garbage-first heap   total 225280K, used 128685K [0x0000000080000000, 0x0000000100000000)
  region size 1024K, 12 young (12288K), 12 survivors (12288K)
 Metaspace       used 100515K, committed 101376K, reserved 1138688K
  class space    used 14150K, committed 14592K, reserved 1048576K
}
Event: 55.844 GC heap before
{Heap before GC invocations=46 (full 0):
 garbage-first heap   total 225280K, used 128685K [0x0000000080000000, 0x0000000100000000)
  region size 1024K, 13 young (13312K), 12 survivors (12288K)
 Metaspace       used 100682K, committed 101568K, reserved 1138688K
  class space    used 14173K, committed 14592K, reserved 1048576K
}
Event: 55.853 GC heap after
{Heap after GC invocations=47 (full 0):
 garbage-first heap   total 225280K, used 129021K [0x0000000080000000, 0x0000000100000000)
  region size 1024K, 2 young (2048K), 2 survivors (2048K)
 Metaspace       used 100682K, committed 101568K, reserved 1138688K
  class space    used 14173K, committed 14592K, reserved 1048576K
}
Event: 56.156 GC heap before
{Heap before GC invocations=47 (full 0):
 garbage-first heap   total 225280K, used 143357K [0x0000000080000000, 0x0000000100000000)
  region size 1024K, 17 young (17408K), 2 survivors (2048K)
 Metaspace       used 103057K, committed 104000K, reserved 1138688K
  class space    used 14468K, committed 14912K, reserved 1048576K
}
Event: 56.158 GC heap after
{Heap after GC invocations=48 (full 0):
 garbage-first heap   total 225280K, used 128297K [0x0000000080000000, 0x0000000100000000)
  region size 1024K, 1 young (1024K), 1 survivors (1024K)
 Metaspace       used 103057K, committed 104000K, reserved 1138688K
  class space    used 14468K, committed 14912K, reserved 1048576K
}
Event: 57.111 GC heap before
{Heap before GC invocations=49 (full 0):
 garbage-first heap   total 235520K, used 199977K [0x0000000080000000, 0x0000000100000000)
  region size 1024K, 61 young (62464K), 1 survivors (1024K)
 Metaspace       used 108697K, committed 109632K, reserved 1146880K
  class space    used 15186K, committed 15616K, reserved 1048576K
}
Event: 57.120 GC heap after
{Heap after GC invocations=50 (full 0):
 garbage-first heap   total 235520K, used 148554K [0x0000000080000000, 0x0000000100000000)
  region size 1024K, 8 young (8192K), 8 survivors (8192K)
 Metaspace       used 108697K, committed 109632K, reserved 1146880K
  class space    used 15186K, committed 15616K, reserved 1048576K
}
Event: 57.144 GC heap before
{Heap before GC invocations=50 (full 0):
 garbage-first heap   total 235520K, used 151626K [0x0000000080000000, 0x0000000100000000)
  region size 1024K, 11 young (11264K), 8 survivors (8192K)
 Metaspace       used 108705K, committed 109632K, reserved 1146880K
  class space    used 15187K, committed 15616K, reserved 1048576K
}
Event: 57.154 GC heap after
{Heap after GC invocations=51 (full 0):
 garbage-first heap   total 235520K, used 146716K [0x0000000080000000, 0x0000000100000000)
  region size 1024K, 2 young (2048K), 2 survivors (2048K)
 Metaspace       used 108705K, committed 109632K, reserved 1146880K
  class space    used 15187K, committed 15616K, reserved 1048576K
}
Event: 57.647 GC heap before
{Heap before GC invocations=51 (full 0):
 garbage-first heap   total 235520K, used 194844K [0x0000000080000000, 0x0000000100000000)
  region size 1024K, 49 young (50176K), 2 survivors (2048K)
 Metaspace       used 109809K, committed 110656K, reserved 1146880K
  class space    used 15323K, committed 15744K, reserved 1048576K
}
Event: 57.661 GC heap after
{Heap after GC invocations=52 (full 0):
 garbage-first heap   total 235520K, used 151532K [0x0000000080000000, 0x0000000100000000)
  region size 1024K, 7 young (7168K), 7 survivors (7168K)
 Metaspace       used 109809K, committed 110656K, reserved 1146880K
  class space    used 15323K, committed 15744K, reserved 1048576K
}
Event: 58.442 GC heap before
{Heap before GC invocations=53 (full 0):
 garbage-first heap   total 263168K, used 195564K [0x0000000080000000, 0x0000000100000000)
  region size 1024K, 44 young (45056K), 7 survivors (7168K)
 Metaspace       used 114166K, committed 115072K, reserved 1155072K
  class space    used 15822K, committed 16256K, reserved 1048576K
}
Event: 58.458 GC heap after
{Heap after GC invocations=54 (full 0):
 garbage-first heap   total 263168K, used 162896K [0x0000000080000000, 0x0000000100000000)
  region size 1024K, 5 young (5120K), 5 survivors (5120K)
 Metaspace       used 114166K, committed 115072K, reserved 1155072K
  class space    used 15822K, committed 16256K, reserved 1048576K
}
Event: 58.654 GC heap before
{Heap before GC invocations=54 (full 0):
 garbage-first heap   total 263168K, used 169040K [0x0000000080000000, 0x0000000100000000)
  region size 1024K, 12 young (12288K), 5 survivors (5120K)
 Metaspace       used 114999K, committed 115840K, reserved 1155072K
  class space    used 15918K, committed 16320K, reserved 1048576K
}

Dll operation events (2 events):
Event: 0.010 Loaded shared library D:\android studio\jbr\bin\java.dll
Event: 0.629 Loaded shared library D:\android studio\jbr\bin\verify.dll

Deoptimization events (20 events):
Event: 58.481 Thread 0x0000022702ff05f0 Uncommon trap: trap_request=0xffffffd6 fr.pc=0x0000022770520d60 relative=0x00000000000003c0
Event: 58.481 Thread 0x0000022702ff05f0 Uncommon trap: reason=array_check action=maybe_recompile pc=0x0000022770520d60 method=java.util.LinkedHashMap.valuesToArray([Ljava/lang/Object;)[Ljava/lang/Object; @ 25 c2
Event: 58.481 Thread 0x0000022702ff05f0 DEOPT PACKING pc=0x0000022770520d60 sp=0x0000002eedef30f0
Event: 58.481 Thread 0x0000022702ff05f0 DEOPT UNPACKING pc=0x000002276ff869a3 sp=0x0000002eedef3098 mode 2
Event: 58.481 Thread 0x0000022702ff05f0 Uncommon trap: trap_request=0xffffffd6 fr.pc=0x0000022770520d60 relative=0x00000000000003c0
Event: 58.481 Thread 0x0000022702ff05f0 Uncommon trap: reason=array_check action=maybe_recompile pc=0x0000022770520d60 method=java.util.LinkedHashMap.valuesToArray([Ljava/lang/Object;)[Ljava/lang/Object; @ 25 c2
Event: 58.481 Thread 0x0000022702ff05f0 DEOPT PACKING pc=0x0000022770520d60 sp=0x0000002eedef30f0
Event: 58.481 Thread 0x0000022702ff05f0 DEOPT UNPACKING pc=0x000002276ff869a3 sp=0x0000002eedef3098 mode 2
Event: 58.481 Thread 0x0000022702ff05f0 Uncommon trap: trap_request=0xffffffd6 fr.pc=0x0000022770520d60 relative=0x00000000000003c0
Event: 58.481 Thread 0x0000022702ff05f0 Uncommon trap: reason=array_check action=maybe_recompile pc=0x0000022770520d60 method=java.util.LinkedHashMap.valuesToArray([Ljava/lang/Object;)[Ljava/lang/Object; @ 25 c2
Event: 58.481 Thread 0x0000022702ff05f0 DEOPT PACKING pc=0x0000022770520d60 sp=0x0000002eedef30f0
Event: 58.481 Thread 0x0000022702ff05f0 DEOPT UNPACKING pc=0x000002276ff869a3 sp=0x0000002eedef3098 mode 2
Event: 58.481 Thread 0x0000022702ff05f0 Uncommon trap: trap_request=0xffffffd6 fr.pc=0x0000022770520d60 relative=0x00000000000003c0
Event: 58.481 Thread 0x0000022702ff05f0 Uncommon trap: reason=array_check action=maybe_recompile pc=0x0000022770520d60 method=java.util.LinkedHashMap.valuesToArray([Ljava/lang/Object;)[Ljava/lang/Object; @ 25 c2
Event: 58.481 Thread 0x0000022702ff05f0 DEOPT PACKING pc=0x0000022770520d60 sp=0x0000002eedef30f0
Event: 58.481 Thread 0x0000022702ff05f0 DEOPT UNPACKING pc=0x000002276ff869a3 sp=0x0000002eedef3098 mode 2
Event: 58.492 Thread 0x0000022702ff05f0 Uncommon trap: trap_request=0xffffff45 fr.pc=0x0000022770c40e18 relative=0x00000000000000f8
Event: 58.492 Thread 0x0000022702ff05f0 Uncommon trap: reason=unstable_if action=reinterpret pc=0x0000022770c40e18 method=org.jetbrains.kotlin.com.intellij.util.SmartList.get(I)Ljava/lang/Object; @ 13 c2
Event: 58.492 Thread 0x0000022702ff05f0 DEOPT PACKING pc=0x0000022770c40e18 sp=0x0000002eedef3420
Event: 58.492 Thread 0x0000022702ff05f0 DEOPT UNPACKING pc=0x000002276ff869a3 sp=0x0000002eedef33c0 mode 2

Classes unloaded (7 events):
Event: 16.887 Thread 0x000002277fc35650 Unloading class 0x0000000100c75800 'java/lang/invoke/LambdaForm$DMH+0x0000000100c75800'
Event: 16.887 Thread 0x000002277fc35650 Unloading class 0x0000000100c75c00 'java/lang/invoke/LambdaForm$DMH+0x0000000100c75c00'
Event: 16.887 Thread 0x000002277fc35650 Unloading class 0x0000000100c75400 'java/lang/invoke/LambdaForm$DMH+0x0000000100c75400'
Event: 16.887 Thread 0x000002277fc35650 Unloading class 0x0000000100c74400 'java/lang/invoke/LambdaForm$DMH+0x0000000100c74400'
Event: 16.887 Thread 0x000002277fc35650 Unloading class 0x0000000100c74c00 'java/lang/invoke/LambdaForm$DMH+0x0000000100c74c00'
Event: 16.887 Thread 0x000002277fc35650 Unloading class 0x0000000100c74000 'java/lang/invoke/LambdaForm$DMH+0x0000000100c74000'
Event: 16.887 Thread 0x000002277fc35650 Unloading class 0x0000000100c74800 'java/lang/invoke/LambdaForm$DMH+0x0000000100c74800'

Classes redefined (0 events):
No events

Internal exceptions (20 events):
Event: 54.845 Thread 0x0000022702ff05f0 Exception <a 'java/lang/ClassNotFoundException'{0x000000008b0e49b8}: org/gradle/api/internal/project/DefaultProjectCustomizer> (0x000000008b0e49b8) 
thrown [s\src\hotspot\share\classfile\systemDictionary.cpp, line 256]
Event: 54.849 Thread 0x0000022702ff05f0 Exception <a 'java/lang/ClassNotFoundException'{0x000000008af8dd38}: org/gradle/api/internal/project/DefaultProject_DecoratedCustomizer> (0x000000008af8dd38) 
thrown [s\src\hotspot\share\classfile\systemDictionary.cpp, line 256]
Event: 55.093 Thread 0x0000022702ff05f0 Exception <a 'java/lang/NoSuchMethodError'{0x0000000089bfd788}: 'int java.lang.invoke.DelegatingMethodHandle$Holder.reinvoke_L(java.lang.Object, java.lang.Object, java.lang.Object, long, int, int)'> (0x0000000089bfd788) 
thrown [s\src\hotspot\share\interpreter\linkResolver.cpp, line 771]
Event: 55.094 Thread 0x0000022702ff05f0 Exception <a 'java/lang/NoSuchMethodError'{0x0000000089a0dd00}: 'int java.lang.invoke.DelegatingMethodHandle$Holder.reinvoke_L(java.lang.Object, java.lang.Object, java.lang.Object, long, long, long)'> (0x0000000089a0dd00) 
thrown [s\src\hotspot\share\interpreter\linkResolver.cpp, line 771]
Event: 55.095 Thread 0x0000022702ff05f0 Exception <a 'java/lang/NoSuchMethodError'{0x0000000089a1de40}: 'int java.lang.invoke.DelegatingMethodHandle$Holder.reinvoke_L(java.lang.Object, java.lang.Object, java.lang.Object, long, java.lang.Object, java.lang.Object)'> (0x0000000089a1de40) 
thrown [s\src\hotspot\share\interpreter\linkResolver.cpp, line 771]
Event: 55.096 Thread 0x0000022702ff05f0 Exception <a 'java/lang/NoSuchMethodError'{0x0000000089a2ddc8}: 'void java.lang.invoke.DelegatingMethodHandle$Holder.reinvoke_L(java.lang.Object, java.lang.Object, java.lang.Object, long, java.lang.Object)'> (0x0000000089a2ddc8) 
thrown [s\src\hotspot\share\interpreter\linkResolver.cpp, line 771]
Event: 55.097 Thread 0x0000022702ff05f0 Exception <a 'java/lang/NoSuchMethodError'{0x0000000089a366b8}: 'java.lang.Object java.lang.invoke.DirectMethodHandle$Holder.invokeSpecial(java.lang.Object, java.lang.Object, java.lang.Object, java.lang.Object, long)'> (0x0000000089a366b8) 
thrown [s\src\hotspot\share\interpreter\linkResolver.cpp, line 771]
Event: 55.101 Thread 0x0000022702ff05f0 Exception <a 'java/lang/NoSuchMethodError'{0x0000000089a5b970}: 'long java.lang.invoke.Invokers$Holder.invoke_MT(java.lang.Object, java.lang.Object, java.lang.Object, java.lang.Object)'> (0x0000000089a5b970) 
thrown [s\src\hotspot\share\interpreter\linkResolver.cpp, line 771]
Event: 55.102 Thread 0x0000022702ff05f0 Exception <a 'java/lang/NoSuchMethodError'{0x0000000089a64ce0}: 'int java.lang.invoke.Invokers$Holder.invoke_MT(java.lang.Object, java.lang.Object, java.lang.Object, java.lang.Object)'> (0x0000000089a64ce0) 
thrown [s\src\hotspot\share\interpreter\linkResolver.cpp, line 771]
Event: 55.104 Thread 0x0000022702ff05f0 Exception <a 'java/lang/NoSuchMethodError'{0x0000000089a75f60}: 'int java.lang.invoke.DelegatingMethodHandle$Holder.reinvoke_L(java.lang.Object, java.lang.Object, java.lang.Object, long, int)'> (0x0000000089a75f60) 
thrown [s\src\hotspot\share\interpreter\linkResolver.cpp, line 771]
Event: 55.105 Thread 0x0000022702ff05f0 Exception <a 'java/lang/NoSuchMethodError'{0x0000000089a898e0}: 'java.lang.Object java.lang.invoke.Invokers$Holder.invokeExact_MT(java.lang.Object, java.lang.Object, long, java.lang.Object)'> (0x0000000089a898e0) 
thrown [s\src\hotspot\share\interpreter\linkResolver.cpp, line 771]
Event: 55.471 Thread 0x0000022706ee96a0 Exception <a 'sun/nio/fs/WindowsException'{0x0000000089f8c680}> (0x0000000089f8c680) 
thrown [s\src\hotspot\share\prims\jni.cpp, line 517]
Event: 55.475 Thread 0x0000022706ee96a0 Exception <a 'sun/nio/fs/WindowsException'{0x0000000088c2c8d0}> (0x0000000088c2c8d0) 
thrown [s\src\hotspot\share\prims\jni.cpp, line 517]
Event: 55.476 Thread 0x0000022706ee96a0 Exception <a 'sun/nio/fs/WindowsException'{0x0000000088c2ca60}> (0x0000000088c2ca60) 
thrown [s\src\hotspot\share\prims\jni.cpp, line 517]
Event: 55.553 Thread 0x0000022702ff05f0 Exception <a 'sun/nio/fs/WindowsException'{0x0000000088949150}> (0x0000000088949150) 
thrown [s\src\hotspot\share\prims\jni.cpp, line 517]
Event: 55.933 Thread 0x0000022702ff05f0 Exception <a 'java/lang/NoSuchMethodError'{0x000000008d6a8928}: 'long java.lang.invoke.DirectMethodHandle$Holder.invokeStatic(java.lang.Object)'> (0x000000008d6a8928) 
thrown [s\src\hotspot\share\interpreter\linkResolver.cpp, line 771]
Event: 55.933 Thread 0x0000022702ff05f0 Exception <a 'java/lang/NoSuchMethodError'{0x000000008d6ad510}: 'long java.lang.invoke.DirectMethodHandle$Holder.invokeStaticInit(java.lang.Object)'> (0x000000008d6ad510) 
thrown [s\src\hotspot\share\interpreter\linkResolver.cpp, line 771]
Event: 56.930 Thread 0x0000022702ff05f0 Exception <a 'java/lang/NoSuchMethodError'{0x000000008c2e9850}: 'java.lang.Object java.lang.invoke.Invokers$Holder.invoke_MT(java.lang.Object, java.lang.Object, java.lang.Object)'> (0x000000008c2e9850) 
thrown [s\src\hotspot\share\interpreter\linkResolver.cpp, line 771]
Event: 57.161 Thread 0x0000022702ff05f0 Implicit null exception at 0x0000022770c42596 to 0x0000022770c433c4
Event: 57.185 Thread 0x0000022702ff05f0 Implicit null exception at 0x0000022770c44584 to 0x0000022770c46658

VM Operations (20 events):
Event: 56.958 Executing VM operation: HandshakeAllThreads done
Event: 57.111 Executing VM operation: G1CollectForAllocation
Event: 57.120 Executing VM operation: G1CollectForAllocation done
Event: 57.144 Executing VM operation: G1CollectForAllocation
Event: 57.154 Executing VM operation: G1CollectForAllocation done
Event: 57.406 Executing VM operation: HandshakeAllThreads
Event: 57.406 Executing VM operation: HandshakeAllThreads done
Event: 57.647 Executing VM operation: G1CollectForAllocation
Event: 57.661 Executing VM operation: G1CollectForAllocation done
Event: 57.808 Executing VM operation: G1Concurrent
Event: 57.818 Executing VM operation: G1Concurrent done
Event: 57.895 Executing VM operation: G1Concurrent
Event: 57.896 Executing VM operation: G1Concurrent done
Event: 58.148 Executing VM operation: HandshakeAllThreads
Event: 58.148 Executing VM operation: HandshakeAllThreads done
Event: 58.257 Executing VM operation: HandshakeAllThreads
Event: 58.257 Executing VM operation: HandshakeAllThreads done
Event: 58.442 Executing VM operation: G1CollectForAllocation
Event: 58.458 Executing VM operation: G1CollectForAllocation done
Event: 58.654 Executing VM operation: G1CollectForAllocation

Events (20 events):
Event: 58.274 Thread 0x000002277fc9e890 flushing nmethod 0x0000022769b82110
Event: 58.274 Thread 0x000002277fc9e890 flushing nmethod 0x0000022769c46c10
Event: 58.274 Thread 0x000002277fc9e890 flushing nmethod 0x0000022769c47a10
Event: 58.274 Thread 0x000002277fc9e890 flushing nmethod 0x0000022769c47f10
Event: 58.274 Thread 0x000002277fc9e890 flushing nmethod 0x0000022769c48910
Event: 58.274 Thread 0x000002277fc9e890 flushing nmethod 0x0000022769c4ae90
Event: 58.274 Thread 0x000002277fc9e890 flushing nmethod 0x0000022769c4b210
Event: 58.274 Thread 0x000002277fc9e890 flushing nmethod 0x0000022769c4b590
Event: 58.274 Thread 0x000002277fc9e890 flushing nmethod 0x0000022769c4fc90
Event: 58.274 Thread 0x000002277fc9e890 flushing nmethod 0x0000022769c50410
Event: 58.274 Thread 0x000002277fc9e890 flushing nmethod 0x0000022769c51590
Event: 58.274 Thread 0x000002277fc9e890 flushing nmethod 0x0000022769c51f90
Event: 58.274 Thread 0x000002277fc9e890 flushing nmethod 0x0000022769c55c90
Event: 58.274 Thread 0x000002277fc9e890 flushing nmethod 0x0000022769c56410
Event: 58.274 Thread 0x000002277fc9e890 flushing nmethod 0x0000022769c81090
Event: 58.275 Thread 0x000002277fc9e890 flushing nmethod 0x0000022769c85d90
Event: 58.275 Thread 0x000002277fc9e890 flushing nmethod 0x0000022769c86110
Event: 58.275 Thread 0x000002277fc9e890 flushing nmethod 0x0000022769cadf10
Event: 58.432 Thread 0x0000022709267570 Thread exited: 0x0000022709267570
Event: 58.639 Thread 0x00000227092689b0 Thread exited: 0x00000227092689b0


Dynamic libraries:
0x00007ff69b040000 - 0x00007ff69b04a000 	D:\android studio\jbr\bin\java.exe
0x00007ff866770000 - 0x00007ff866987000 	C:\WINDOWS\SYSTEM32\ntdll.dll
0x00007ff865050000 - 0x00007ff865114000 	C:\WINDOWS\System32\KERNEL32.DLL
0x00007ff863b90000 - 0x00007ff863f36000 	C:\WINDOWS\System32\KERNELBASE.dll
0x00007ff863f40000 - 0x00007ff864051000 	C:\WINDOWS\System32\ucrtbase.dll
0x00007ff84e800000 - 0x00007ff84e817000 	D:\android studio\jbr\bin\jli.dll
0x00007ff84e020000 - 0x00007ff84e03b000 	D:\android studio\jbr\bin\VCRUNTIME140.dll
0x00007ff865870000 - 0x00007ff865a1d000 	C:\WINDOWS\System32\USER32.dll
0x00007ff8643b0000 - 0x00007ff8643d6000 	C:\WINDOWS\System32\win32u.dll
0x00007ff848780000 - 0x00007ff848a13000 	C:\WINDOWS\WinSxS\amd64_microsoft.windows.common-controls_6595b64144ccf1df_6.0.22621.2361_none_2712ced57382f843\COMCTL32.dll
0x00007ff866320000 - 0x00007ff866349000 	C:\WINDOWS\System32\GDI32.dll
0x00007ff866350000 - 0x00007ff8663f7000 	C:\WINDOWS\System32\msvcrt.dll
0x00007ff864290000 - 0x00007ff8643a8000 	C:\WINDOWS\System32\gdi32full.dll
0x00007ff863af0000 - 0x00007ff863b8a000 	C:\WINDOWS\System32\msvcp_win.dll
0x00007ff865120000 - 0x00007ff865151000 	C:\WINDOWS\System32\IMM32.DLL
0x00007ff85d370000 - 0x00007ff85d37c000 	D:\android studio\jbr\bin\vcruntime140_1.dll
0x00007ff831770000 - 0x00007ff8317fd000 	D:\android studio\jbr\bin\msvcp140.dll
0x00007ff80e2a0000 - 0x00007ff80ef0e000 	D:\android studio\jbr\bin\server\jvm.dll
0x00007ff864c70000 - 0x00007ff864d20000 	C:\WINDOWS\System32\ADVAPI32.dll
0x00007ff866680000 - 0x00007ff866726000 	C:\WINDOWS\System32\sechost.dll
0x00007ff865180000 - 0x00007ff865297000 	C:\WINDOWS\System32\RPCRT4.dll
0x00007ff845f80000 - 0x00007ff845f89000 	C:\WINDOWS\SYSTEM32\WSOCK32.dll
0x00007ff8644d0000 - 0x00007ff864541000 	C:\WINDOWS\System32\WS2_32.dll
0x00007ff85cde0000 - 0x00007ff85ce14000 	C:\WINDOWS\SYSTEM32\WINMM.dll
0x00007ff85db20000 - 0x00007ff85db2a000 	C:\WINDOWS\SYSTEM32\VERSION.dll
0x00007ff862b30000 - 0x00007ff862b48000 	C:\WINDOWS\SYSTEM32\kernel.appcore.dll
0x00007ff85ef50000 - 0x00007ff85ef5a000 	D:\android studio\jbr\bin\jimage.dll
0x00007ff861460000 - 0x00007ff86168e000 	C:\WINDOWS\SYSTEM32\DBGHELP.DLL
0x00007ff864550000 - 0x00007ff8648da000 	C:\WINDOWS\System32\combase.dll
0x00007ff864f70000 - 0x00007ff865047000 	C:\WINDOWS\System32\OLEAUT32.dll
0x00007ff84a1f0000 - 0x00007ff84a222000 	C:\WINDOWS\SYSTEM32\dbgcore.DLL
0x00007ff864450000 - 0x00007ff8644ca000 	C:\WINDOWS\System32\bcryptPrimitives.dll
0x00007ff85ecf0000 - 0x00007ff85ed15000 	D:\android studio\jbr\bin\java.dll
0x00007ff85e770000 - 0x00007ff85e788000 	D:\android studio\jbr\bin\zip.dll
0x00007ff865a20000 - 0x00007ff866278000 	C:\WINDOWS\System32\SHELL32.dll
0x00007ff861a50000 - 0x00007ff862342000 	C:\WINDOWS\SYSTEM32\windows.storage.dll
0x00007ff861910000 - 0x00007ff861a4e000 	C:\WINDOWS\SYSTEM32\wintypes.dll
0x00007ff8648e0000 - 0x00007ff8649d3000 	C:\WINDOWS\System32\SHCORE.dll
0x00007ff866400000 - 0x00007ff86645e000 	C:\WINDOWS\System32\shlwapi.dll
0x00007ff863a20000 - 0x00007ff863a46000 	C:\WINDOWS\SYSTEM32\profapi.dll
0x00007ff85e750000 - 0x00007ff85e769000 	D:\android studio\jbr\bin\net.dll
0x00007ff85ce20000 - 0x00007ff85cf57000 	C:\WINDOWS\SYSTEM32\WINHTTP.dll
0x00007ff862fb0000 - 0x00007ff863019000 	C:\WINDOWS\system32\mswsock.dll
0x00007ff85e290000 - 0x00007ff85e2a6000 	D:\android studio\jbr\bin\nio.dll
0x00007ff85e740000 - 0x00007ff85e750000 	D:\android studio\jbr\bin\verify.dll
0x00007ff84de50000 - 0x00007ff84de77000 	C:\Users\hachem safae\.gradle\native\68d5fa5c4cc2d200863cafc0d521ce42e7d3e7ee720ec0a83991735586a16f82\windows-amd64\native-platform.dll
0x00007ff828e00000 - 0x00007ff828f44000 	C:\Users\hachem safae\.gradle\native\e376f236ea51e6404a007f0833ffe2c6e607c4080706a723a18a27aeea778392\windows-amd64\native-platform-file-events.dll
0x00007ff85e6e0000 - 0x00007ff85e6e9000 	D:\android studio\jbr\bin\management.dll
0x00007ff85e6b0000 - 0x00007ff85e6bb000 	D:\android studio\jbr\bin\management_ext.dll
0x00007ff866310000 - 0x00007ff866318000 	C:\WINDOWS\System32\PSAPI.DLL
0x00007ff863200000 - 0x00007ff86321b000 	C:\WINDOWS\SYSTEM32\CRYPTSP.dll
0x00007ff862a90000 - 0x00007ff862ac5000 	C:\WINDOWS\system32\rsaenh.dll
0x00007ff8630a0000 - 0x00007ff8630cc000 	C:\WINDOWS\SYSTEM32\USERENV.dll
0x00007ff8633c0000 - 0x00007ff8633e8000 	C:\WINDOWS\SYSTEM32\bcrypt.dll
0x00007ff863220000 - 0x00007ff86322c000 	C:\WINDOWS\SYSTEM32\CRYPTBASE.dll
0x00007ff8625b0000 - 0x00007ff8625dd000 	C:\WINDOWS\SYSTEM32\IPHLPAPI.DLL
0x00007ff8657a0000 - 0x00007ff8657a9000 	C:\WINDOWS\System32\NSI.dll
0x00007ff85cd80000 - 0x00007ff85cd99000 	C:\WINDOWS\SYSTEM32\dhcpcsvc6.DLL
0x00007ff85cd60000 - 0x00007ff85cd7f000 	C:\WINDOWS\SYSTEM32\dhcpcsvc.DLL
0x00007ff862620000 - 0x00007ff862719000 	C:\WINDOWS\SYSTEM32\DNSAPI.dll
0x00007ff85e260000 - 0x00007ff85e268000 	C:\WINDOWS\system32\wshunix.dll

dbghelp: loaded successfully - version: 4.0.5 - missing functions: none
symbol engine: initialized successfully - sym options: 0x614 - pdb path: .;D:\android studio\jbr\bin;C:\WINDOWS\SYSTEM32;C:\WINDOWS\WinSxS\amd64_microsoft.windows.common-controls_6595b64144ccf1df_6.0.22621.2361_none_2712ced57382f843;D:\android studio\jbr\bin\server;C:\Users\hachem safae\.gradle\native\68d5fa5c4cc2d200863cafc0d521ce42e7d3e7ee720ec0a83991735586a16f82\windows-amd64;C:\Users\hachem safae\.gradle\native\e376f236ea51e6404a007f0833ffe2c6e607c4080706a723a18a27aeea778392\windows-amd64

VM Arguments:
jvm_args: --add-opens=java.base/java.util=ALL-UNNAMED --add-opens=java.base/java.lang=ALL-UNNAMED --add-opens=java.base/java.lang.invoke=ALL-UNNAMED --add-opens=java.prefs/java.util.prefs=ALL-UNNAMED --add-opens=java.base/java.nio.charset=ALL-UNNAMED --add-opens=java.base/java.net=ALL-UNNAMED --add-opens=java.base/java.util.concurrent.atomic=ALL-UNNAMED -Xmx2048m -Dfile.encoding=UTF-8 -Duser.country=FR -Duser.language=fr -Duser.variant 
java_command: org.gradle.launcher.daemon.bootstrap.GradleDaemon 8.0
java_class_path (initial): C:\Users\hachem safae\.gradle\wrapper\dists\gradle-8.0-bin\ca5e32bp14vu59qr306oxotwh\gradle-8.0\lib\gradle-launcher-8.0.jar
Launcher Type: SUN_STANDARD

[Global flags]
     intx CICompilerCount                          = 4                                         {product} {ergonomic}
     uint ConcGCThreads                            = 2                                         {product} {ergonomic}
     uint G1ConcRefinementThreads                  = 8                                         {product} {ergonomic}
   size_t G1HeapRegionSize                         = 1048576                                   {product} {ergonomic}
    uintx GCDrainStackTargetSize                   = 64                                        {product} {ergonomic}
   size_t InitialHeapSize                          = 266338304                                 {product} {ergonomic}
   size_t MarkStackSize                            = 4194304                                   {product} {ergonomic}
   size_t MaxHeapSize                              = 2147483648                                {product} {command line}
   size_t MaxNewSize                               = 1287651328                                {product} {ergonomic}
   size_t MinHeapDeltaBytes                        = 1048576                                   {product} {ergonomic}
   size_t MinHeapSize                              = 8388608                                   {product} {ergonomic}
    uintx NonNMethodCodeHeapSize                   = 5839372                                {pd product} {ergonomic}
    uintx NonProfiledCodeHeapSize                  = 122909434                              {pd product} {ergonomic}
    uintx ProfiledCodeHeapSize                     = 122909434                              {pd product} {ergonomic}
    uintx ReservedCodeCacheSize                    = 251658240                              {pd product} {ergonomic}
     bool SegmentedCodeCache                       = true                                      {product} {ergonomic}
   size_t SoftMaxHeapSize                          = 2147483648                             {manageable} {ergonomic}
     bool UseCompressedClassPointers               = true                           {product lp64_product} {ergonomic}
     bool UseCompressedOops                        = true                           {product lp64_product} {ergonomic}
     bool UseG1GC                                  = true                                      {product} {ergonomic}
     bool UseLargePagesIndividualAllocation        = false                                  {pd product} {ergonomic}

Logging:
Log output configuration:
 #0: stdout all=warning uptime,level,tags
 #1: stderr all=off uptime,level,tags

Environment Variables:
JAVA_HOME=C:\Program Files\Java\jdk-11
PATH=C:\Program Files (x86)\Common Files\Oracle\Java\javapath;C:\Program Files (x86)\VMware\VMware Workstation\bin\;D:\oraclexe\app\oracle\product\11.2.0\server\bin;C:\Program Files\Common Files\Oracle\Java\javapath;C:\WINDOWS\system32;C:\WINDOWS;C:\WINDOWS\System32\Wbem;C:\WINDOWS\System32\WindowsPowerShell\v1.0\;C:\WINDOWS\System32\OpenSSH\;c:\Program Files (x86)\Microsoft SQL Server\100\Tools\Binn\;c:\Program Files\Microsoft SQL Server\100\Tools\Binn\;c:\Program Files\Microsoft SQL Server\100\DTS\Binn\;C:\Program Files\Java\jdk-11\bin;C:\Program Files\Java\jdk-19\bin;C:\Program Files\Common Files\Oracle\Java\javapath;C:\ProgramData\ComposerSetup\bin;D:\XAAMP\php\php.exe;D:\xamp\php;C:\Program Files\wkhtmltopdf\bin;D:\node;C:\Program Files\Git\cmd;C:\Program Files\nodejs\;C:\Program Files\MongoDB\Server\6.0\bin;D:\XAAMP\php;C:\Users\hachem safae\AppData\Local\Programs\Python\Python310\Scripts\;C:\Users\hachem safae\AppData\Local\Programs\Python\Python310\;C:\Program Files\MySQL\MySQL Shell 8.0\bin\;C:\Users\hachem safae\AppData\Local\Microsoft\WindowsApps;C:\Users\hachem safae\AppData\Roaming\Dashlane\6.2007.0.32704\bin\Firefox_Extension\{442718d9-475e-452a-b3e1-fb1ee16b8e9f}\components;C:\Users\hachem safae\AppData\Roaming\Dashlane\6.2007.0.32704\ucrt;C:\Users\hachem safae\AppData\Roaming\Dashlane\6.2007.0.32704\bin\Qt;C:\Users\hachem safae\AppData\Roaming\Dashlane\6.2007.0.32704\bin\Ssl;C:\Program Files\JetBrains\IntelliJ IDEA Community Edition 2020.2.2\bin;C:\Users\hachem safae\AppData\Local\Microsoft\WindowsApps;C:\Users\hachem safae\AppData\Local\Programs\Microsoft VS Code\bin;C:\Program Files\IntelliJ IDEA Community Edition 2022.3.2\bin;;C:\Users\hachem safae\AppData\Local\ComposerSetup\bin;C:\Users\hachem safae\AppData\Roaming\Composer\vendor\bin;C:\Users\hachem safae\AppData\Roaming\npm;D:\android2\platform-tools;D:\XAAMP\php;C:\wamp64\bin\php\php5.6.40;
USERNAME=hachem safae
OS=Windows_NT
PROCESSOR_IDENTIFIER=Intel64 Family 6 Model 142 Stepping 12, GenuineIntel
TMP=C:\Users\HACHEM~1\AppData\Local\Temp
TEMP=C:\Users\HACHEM~1\AppData\Local\Temp


JNI global refs:
JNI global refs: 26, weak refs: 0

JNI global refs memory usage: 843, weak refs: 841


---------------  S Y S T E M  ---------------

OS:
 Windows 11 , 64 bit Build 22621 (10.0.22621.2428)
OS uptime: 0 days 9:02 hours

CPU: total 8 (initial active 8) (4 cores per cpu, 2 threads per core) family 6 model 142 stepping 12 microcode 0xf6, cx8, cmov, fxsr, ht, mmx, 3dnowpref, sse, sse2, sse3, ssse3, sse4.1, sse4.2, popcnt, lzcnt, tsc, tscinvbit, avx, avx2, aes, erms, clmul, bmi1, bmi2, adx, fma, vzeroupper, clflush, clflushopt

Memory: 4k page, system-wide physical 16194M (3405M free)
TotalPageFile size 18242M (AvailPageFile size 6M)
current process WorkingSet (physical memory assigned to process): 572M, peak: 572M
current process commit charge ("private bytes"): 960M, peak: 966M

vm_info: OpenJDK 64-Bit Server VM (17.0.6+0-b2043.56-10027231) for windows-amd64 JRE (17.0.6+0-b2043.56-10027231), built on Apr 28 2023 00:43:19 by "androidbuild" with MS VC++ 16.10 / 16.11 (VS2019)

END.
